2024-11-12 11:31:33 [@PC140-08]
Interno #1: Ejecutar slaticket
2024-11-12 11:39:41 [100111@PC140-08]
Interno #1: Ejecutar closeticket
2024-11-12 11:41:22 [@PC140-08]
Interno #1: Ejecutar queuednotification
2024-11-12 11:41:43 [@PC140-08]
Error en el envío del correo<br/>SMTP connect() failed. https://github.com/PHPMailer/PHPMailer/wiki/TroubleshootingSMTP server error: Failed to connect to server SMTP code: 10060 Additional SMTP info: Se produjo un error durante el intento de conexión ya que la parte conectada no respondió adecuadamente tras un periodo de tiempo, o bien se produjo un error en la conexión establecida ya que el host conectado no ha podido responder
2024-11-12 11:42:04 [@PC140-08]
Error en el envío del correo<br/>SMTP connect() failed. https://github.com/PHPMailer/PHPMailer/wiki/TroubleshootingSMTP server error: Failed to connect to server SMTP code: 10060 Additional SMTP info: Se produjo un error durante el intento de conexión ya que la parte conectada no respondió adecuadamente tras un periodo de tiempo, o bien se produjo un error en la conexión establecida ya que el host conectado no ha podido responder
2024-11-12 11:42:25 [@PC140-08]
Error en el envío del correo<br/>SMTP connect() failed. https://github.com/PHPMailer/PHPMailer/wiki/TroubleshootingSMTP server error: Failed to connect to server SMTP code: 10060 Additional SMTP info: Se produjo un error durante el intento de conexión ya que la parte conectada no respondió adecuadamente tras un periodo de tiempo, o bien se produjo un error en la conexión establecida ya que el host conectado no ha podido responder
2024-11-12 11:42:47 [@PC140-08]
Error en el envío del correo<br/>SMTP connect() failed. https://github.com/PHPMailer/PHPMailer/wiki/TroubleshootingSMTP server error: Failed to connect to server SMTP code: 10060 Additional SMTP info: Se produjo un error durante el intento de conexión ya que la parte conectada no respondió adecuadamente tras un periodo de tiempo, o bien se produjo un error en la conexión establecida ya que el host conectado no ha podido responder
2024-11-12 11:43:08 [@PC140-08]
Error en el envío del correo<br/>SMTP connect() failed. https://github.com/PHPMailer/PHPMailer/wiki/TroubleshootingSMTP server error: Failed to connect to server SMTP code: 10060 Additional SMTP info: Se produjo un error durante el intento de conexión ya que la parte conectada no respondió adecuadamente tras un periodo de tiempo, o bien se produjo un error en la conexión establecida ya que el host conectado no ha podido responder
2024-11-12 11:43:29 [@PC140-08]
Error en el envío del correo<br/>SMTP connect() failed. https://github.com/PHPMailer/PHPMailer/wiki/TroubleshootingSMTP server error: Failed to connect to server SMTP code: 10060 Additional SMTP info: Se produjo un error durante el intento de conexión ya que la parte conectada no respondió adecuadamente tras un periodo de tiempo, o bien se produjo un error en la conexión establecida ya que el host conectado no ha podido responder
2024-11-12 11:43:50 [@PC140-08]
Error en el envío del correo<br/>SMTP connect() failed. https://github.com/PHPMailer/PHPMailer/wiki/TroubleshootingSMTP server error: Failed to connect to server SMTP code: 10060 Additional SMTP info: Se produjo un error durante el intento de conexión ya que la parte conectada no respondió adecuadamente tras un periodo de tiempo, o bien se produjo un error en la conexión establecida ya que el host conectado no ha podido responder
2024-11-12 11:44:11 [@PC140-08]
Interno #1: Ejecutar olaticket
