2024-11-12 11:39:41 [100111@PC140-08]
Se ha añadido a la cola un correo para tic.ceip.real@docentemelilla.educacion.gob.es: [GLPI #0029141] Ministerio de Educación > Melilla > 42 CEIP Real | Clausura de la petición - Fallo en Panel Interactivo
2024-11-12 11:39:42 [100111@PC140-08]
Se ha añadido a la cola un correo para miguel.arquero@gmail.com: [GLPI #0029141] Ministerio de Educación > Melilla > 42 CEIP Real | Clausura de la petición - Fallo en Panel Interactivo
2024-11-12 11:39:42 [100111@PC140-08]
Se ha añadido a la cola un correo para tic.ceip.real@docentemelilla.educacion.gob.es: [GLPI #0029181] Ministerio de Educación > Melilla > 42 CEIP Real | Clausura de la petición - Fallo en dispositivo (ordenador, tablet, impresora, monitor, etc)
2024-11-12 11:39:42 [100111@PC140-08]
Se ha añadido a la cola un correo para miguel.arquero@gmail.com: [GLPI #0029181] Ministerio de Educación > Melilla > 42 CEIP Real | Clausura de la petición - Fallo en dispositivo (ordenador, tablet, impresora, monitor, etc)
2024-11-12 11:39:43 [100111@PC140-08]
Se ha añadido a la cola un correo para eduardomanuel.diaz@edumelilla.es: [GLPI #0029059] Ministerio de Educación > Melilla > 35 CEIP Anselmo Pardo Alcaide | Clausura de la petición - Fallo en Panel Interactivo
2024-11-12 11:39:43 [100111@PC140-08]
Se ha añadido a la cola un correo para frjavier.lopez@educacion.gob.es: [GLPI #0029059] Ministerio de Educación > Melilla > 35 CEIP Anselmo Pardo Alcaide | Clausura de la petición - Fallo en Panel Interactivo
2024-11-12 11:39:43 [100111@PC140-08]
Se ha añadido a la cola un correo para averiasglpi@gmail.com: [GLPI #0029059] Ministerio de Educación > Melilla > 35 CEIP Anselmo Pardo Alcaide | Clausura de la petición - Fallo en Panel Interactivo
2024-11-12 11:39:43 [100111@PC140-08]
Se ha añadido a la cola un correo para tic.ceip.constitucion@edumelilla.es: [GLPI #0028883] Ministerio de Educación > Melilla > 37 CEIP Constitución | Clausura de la petición - Mantenimiento de software (actualizar programas, clonación, etc)
2024-11-12 11:39:43 [100111@PC140-08]
Se ha añadido a la cola un correo para pablo.casado@educacion.gob.es: [GLPI #0028883] Ministerio de Educación > Melilla > 37 CEIP Constitución | Clausura de la petición - Mantenimiento de software (actualizar programas, clonación, etc)
2024-11-12 11:39:43 [100111@PC140-08]
Se ha añadido a la cola un correo para miguel.arquero@gmail.com: [GLPI #0028883] Ministerio de Educación > Melilla > 37 CEIP Constitución | Clausura de la petición - Mantenimiento de software (actualizar programas, clonación, etc)
2024-11-12 11:39:44 [100111@PC140-08]
Se ha añadido a la cola un correo para josemaria.perez@edumelilla.es: [GLPI #0028598] Ministerio de Educación > Melilla > 43 CEIP Reyes Católicos | Clausura de la petición - FENICIA > Gestión Económica
2024-11-12 11:39:44 [100111@PC140-08]
Se ha añadido a la cola un correo para joseismael.rodriguez@educeuta.es: [GLPI #0028598] Ministerio de Educación > Melilla > 43 CEIP Reyes Católicos | Clausura de la petición - FENICIA > Gestión Económica
2024-11-12 11:39:44 [100111@PC140-08]
Se ha añadido a la cola un correo para josemaria.perez@edumelilla.es: [GLPI #0028614] Ministerio de Educación > Melilla > 43 CEIP Reyes Católicos | Clausura de la petición - FENICIA > Gestión académica
2024-11-12 11:39:44 [100111@PC140-08]
Se ha añadido a la cola un correo para jose.cerdan@educacion.gob.es: [GLPI #0028614] Ministerio de Educación > Melilla > 43 CEIP Reyes Católicos | Clausura de la petición - FENICIA > Gestión académica
2024-11-12 11:39:45 [100111@PC140-08]
Se ha añadido a la cola un correo para tic.ceip.velazquez@docentemelilla.educacion.gob.es: [GLPI #0029011] Ministerio de Educación > Melilla > 44 CEIP Velázquez | Clausura de la petición - FENICIA > Gestión académica
2024-11-12 11:39:45 [100111@PC140-08]
Se ha añadido a la cola un correo para jose.cerdan@educacion.gob.es: [GLPI #0029011] Ministerio de Educación > Melilla > 44 CEIP Velázquez | Clausura de la petición - FENICIA > Gestión académica
2024-11-12 11:39:45 [100111@PC140-08]
Se ha añadido a la cola un correo para tic.ceip.velazquez@docentemelilla.educacion.gob.es: [GLPI #0029012] Ministerio de Educación > Melilla > 44 CEIP Velázquez | Clausura de la petición - FENICIA > Gestión académica
2024-11-12 11:39:45 [100111@PC140-08]
Se ha añadido a la cola un correo para jose.cerdan@educacion.gob.es: [GLPI #0029012] Ministerio de Educación > Melilla > 44 CEIP Velázquez | Clausura de la petición - FENICIA > Gestión académica
2024-11-12 11:39:46 [100111@PC140-08]
Se ha añadido a la cola un correo para tic.ceip.velazquez@docentemelilla.educacion.gob.es: [GLPI #0029040] Ministerio de Educación > Melilla > 44 CEIP Velázquez | Clausura de la petición - FENICIA > Gestión académica
2024-11-12 11:39:46 [100111@PC140-08]
Se ha añadido a la cola un correo para jose.cerdan@educacion.gob.es: [GLPI #0029040] Ministerio de Educación > Melilla > 44 CEIP Velázquez | Clausura de la petición - FENICIA > Gestión académica
2024-11-12 11:39:46 [100111@PC140-08]
Se ha añadido a la cola un correo para tic.ceip.velazquez@docentemelilla.educacion.gob.es: [GLPI #0029079] Ministerio de Educación > Melilla > 44 CEIP Velázquez | Clausura de la petición - Fallo de conexión por cable en equipo
2024-11-12 11:39:46 [100111@PC140-08]
Se ha añadido a la cola un correo para averiasglpi@gmail.com: [GLPI #0029079] Ministerio de Educación > Melilla > 44 CEIP Velázquez | Clausura de la petición - Fallo de conexión por cable en equipo
2024-11-12 11:39:46 [100111@PC140-08]
Se ha añadido a la cola un correo para miguel.arquero@gmail.com: [GLPI #0029079] Ministerio de Educación > Melilla > 44 CEIP Velázquez | Clausura de la petición - Fallo de conexión por cable en equipo
2024-11-12 11:39:47 [100111@PC140-08]
Se ha añadido a la cola un correo para jose.cerdan@educacion.gob.es: [GLPI #0029008] Ministerio de Educación > Melilla | Clausura de la petición - Alborán
2024-11-12 11:39:47 [100111@PC140-08]
Se ha añadido a la cola un correo para soporte.alboran@educacion.gob.es: [GLPI #0029008] Ministerio de Educación > Melilla | Clausura de la petición - Alborán
2024-11-12 11:39:47 [100111@PC140-08]
Se ha añadido a la cola un correo para sgrande@ayesa.com: [GLPI #0029008] Ministerio de Educación > Melilla | Clausura de la petición - Alborán
2024-11-12 11:39:47 [100111@PC140-08]
Se ha añadido a la cola un correo para aquiros@ayesa.com: [GLPI #0029008] Ministerio de Educación > Melilla | Clausura de la petición - Alborán
2024-11-12 11:39:47 [100111@PC140-08]
Se ha añadido a la cola un correo para rcouto@ayesa.com: [GLPI #0029008] Ministerio de Educación > Melilla | Clausura de la petición - Alborán
2024-11-12 11:39:47 [100111@PC140-08]
Se ha añadido a la cola un correo para pedro.molero@educacion.gob.es: [GLPI #0029008] Ministerio de Educación > Melilla | Clausura de la petición - Alborán
2024-11-12 11:39:47 [100111@PC140-08]
Se ha añadido a la cola un correo para jose.cerdan@educacion.gob.es: [GLPI #0029101] Ministerio de Educación > Melilla | Clausura de la petición - Bloqueo de página web. Cortafuegos. Fortigate
2024-11-12 11:39:47 [100111@PC140-08]
Se ha añadido a la cola un correo para juanramon.abella@educacion.gob.es: [GLPI #0029101] Ministerio de Educación > Melilla | Clausura de la petición - Bloqueo de página web. Cortafuegos. Fortigate
2024-11-12 11:39:47 [100111@PC140-08]
Se ha añadido a la cola un correo para joseluis.calvo@educacion.gob.es: [GLPI #0029101] Ministerio de Educación > Melilla | Clausura de la petición - Bloqueo de página web. Cortafuegos. Fortigate
2024-11-12 11:39:48 [100111@PC140-08]
Se ha añadido a la cola un correo para joseluis.delgado@educacion.gob.es: [GLPI #0029101] Ministerio de Educación > Melilla | Clausura de la petición - Bloqueo de página web. Cortafuegos. Fortigate
2024-11-12 11:39:48 [100111@PC140-08]
Se ha añadido a la cola un correo para pablo.casado@educacion.gob.es: [GLPI #0029101] Ministerio de Educación > Melilla | Clausura de la petición - Bloqueo de página web. Cortafuegos. Fortigate
2024-11-12 11:39:48 [100111@PC140-08]
Se ha añadido a la cola un correo para soporte@secureit.es: [GLPI #0029101] Ministerio de Educación > Melilla | Clausura de la petición - Bloqueo de página web. Cortafuegos. Fortigate
2024-11-12 11:39:48 [100111@PC140-08]
Se ha añadido a la cola un correo para jd.urdanetamejias@sermicro.com: [GLPI #0029108] Ministerio de Educación > Melilla | Clausura de la petición - Alta/Baja de Usuarios
2024-11-12 11:39:48 [100111@PC140-08]
Se ha añadido a la cola un correo para pablo.casado@educacion.gob.es: [GLPI #0029108] Ministerio de Educación > Melilla | Clausura de la petición - Alta/Baja de Usuarios
2024-11-12 11:39:48 [100111@PC140-08]
Se ha añadido a la cola un correo para informatica.intef@educacion.gob.es: [GLPI #0029108] Ministerio de Educación > Melilla | Clausura de la petición - Alta/Baja de Usuarios
2024-11-12 11:39:48 [100111@PC140-08]
Se ha añadido a la cola un correo para ja.ochandoarrevilla@sermicro.com: [GLPI #0029108] Ministerio de Educación > Melilla | Clausura de la petición - Alta/Baja de Usuarios
2024-11-12 11:39:48 [100111@PC140-08]
Se ha añadido a la cola un correo para o.chruscielbrozek@sermicro.com: [GLPI #0029108] Ministerio de Educación > Melilla | Clausura de la petición - Alta/Baja de Usuarios
2024-11-12 11:39:49 [100111@PC140-08]
Se ha añadido a la cola un correo para jose.cerdan@educacion.gob.es: [GLPI #0029125] Ministerio de Educación > Melilla | Clausura de la petición - FENICIA > Gestión académica
2024-11-12 11:39:49 [100111@PC140-08]
Se ha añadido a la cola un correo para cau.fenicia@ayesa.com: [GLPI #0029125] Ministerio de Educación > Melilla | Clausura de la petición - FENICIA > Gestión académica
2024-11-12 11:39:49 [100111@PC140-08]
Se ha añadido a la cola un correo para soporte.fenicia@educacion.gob.es: [GLPI #0029125] Ministerio de Educación > Melilla | Clausura de la petición - FENICIA > Gestión académica
2024-11-12 11:39:49 [100111@PC140-08]
Se ha añadido a la cola un correo para desarrollo.fenicia@ayesa.com: [GLPI #0029125] Ministerio de Educación > Melilla | Clausura de la petición - FENICIA > Gestión académica
2024-11-12 11:39:49 [100111@PC140-08]
Se ha añadido a la cola un correo para tic.cc.buenconsejo@edumelilla.es: [GLPI #0029017] Ministerio de Educación > Melilla > 63 Colegio Ntra. Sra. del Buen Consejo | Clausura de la petición - Instalación equipos nuevos
2024-11-12 11:39:49 [100111@PC140-08]
Se ha añadido a la cola un correo para averiasglpi@gmail.com: [GLPI #0029017] Ministerio de Educación > Melilla > 63 Colegio Ntra. Sra. del Buen Consejo | Clausura de la petición - Instalación equipos nuevos
2024-11-12 11:39:49 [100111@PC140-08]
Se ha añadido a la cola un correo para pablo.casado@educacion.gob.es: [GLPI #0029017] Ministerio de Educación > Melilla > 63 Colegio Ntra. Sra. del Buen Consejo | Clausura de la petición - Instalación equipos nuevos
2024-11-12 11:39:49 [100111@PC140-08]
Se ha añadido a la cola un correo para miguel.arquero@gmail.com: [GLPI #0029017] Ministerio de Educación > Melilla > 63 Colegio Ntra. Sra. del Buen Consejo | Clausura de la petición - Instalación equipos nuevos
2024-11-12 11:39:50 [100111@PC140-08]
Se ha añadido a la cola un correo para tic.ies.jaf@docentemelilla.educacion.gob.es: [GLPI #0029003] Ministerio de Educación > Melilla > 51 IES Juan Antonio Fernández Pérez | Clausura de la petición - SED/Moodle
2024-11-12 11:39:50 [100111@PC140-08]
Se ha añadido a la cola un correo para jose.cerdan@educacion.gob.es: [GLPI #0029003] Ministerio de Educación > Melilla > 51 IES Juan Antonio Fernández Pérez | Clausura de la petición - SED/Moodle
2024-11-12 11:39:50 [100111@PC140-08]
Se ha añadido a la cola un correo para soporte.alboran@educacion.gob.es: [GLPI #0029003] Ministerio de Educación > Melilla > 51 IES Juan Antonio Fernández Pérez | Clausura de la petición - SED/Moodle
2024-11-12 11:39:50 [100111@PC140-08]
Se ha añadido a la cola un correo para sgrande@ayesa.com: [GLPI #0029003] Ministerio de Educación > Melilla > 51 IES Juan Antonio Fernández Pérez | Clausura de la petición - SED/Moodle
2024-11-12 11:39:50 [100111@PC140-08]
Se ha añadido a la cola un correo para aquiros@ayesa.com: [GLPI #0029003] Ministerio de Educación > Melilla > 51 IES Juan Antonio Fernández Pérez | Clausura de la petición - SED/Moodle
2024-11-12 11:39:50 [100111@PC140-08]
Se ha añadido a la cola un correo para rcouto@ayesa.com: [GLPI #0029003] Ministerio de Educación > Melilla > 51 IES Juan Antonio Fernández Pérez | Clausura de la petición - SED/Moodle
2024-11-12 11:39:50 [100111@PC140-08]
Se ha añadido a la cola un correo para pedro.molero@educacion.gob.es: [GLPI #0029003] Ministerio de Educación > Melilla > 51 IES Juan Antonio Fernández Pérez | Clausura de la petición - SED/Moodle
2024-11-12 11:39:50 [100111@PC140-08]
Se ha añadido a la cola un correo para cesar.carrero@educacion.gob.es: [GLPI #0029003] Ministerio de Educación > Melilla > 51 IES Juan Antonio Fernández Pérez | Clausura de la petición - SED/Moodle
2024-11-12 11:39:51 [100111@PC140-08]
Se ha añadido a la cola un correo para tic.ies.jaf@docentemelilla.educacion.gob.es: [GLPI #0029070] Ministerio de Educación > Melilla > 51 IES Juan Antonio Fernández Pérez | Clausura de la petición - Alborán
2024-11-12 11:39:51 [100111@PC140-08]
Se ha añadido a la cola un correo para jose.cerdan@educacion.gob.es: [GLPI #0029070] Ministerio de Educación > Melilla > 51 IES Juan Antonio Fernández Pérez | Clausura de la petición - Alborán
2024-11-12 11:39:51 [100111@PC140-08]
Se ha añadido a la cola un correo para soporte.alboran@educacion.gob.es: [GLPI #0029070] Ministerio de Educación > Melilla > 51 IES Juan Antonio Fernández Pérez | Clausura de la petición - Alborán
2024-11-12 11:39:51 [100111@PC140-08]
Se ha añadido a la cola un correo para sgrande@ayesa.com: [GLPI #0029070] Ministerio de Educación > Melilla > 51 IES Juan Antonio Fernández Pérez | Clausura de la petición - Alborán
2024-11-12 11:39:51 [100111@PC140-08]
Se ha añadido a la cola un correo para aquiros@ayesa.com: [GLPI #0029070] Ministerio de Educación > Melilla > 51 IES Juan Antonio Fernández Pérez | Clausura de la petición - Alborán
2024-11-12 11:39:51 [100111@PC140-08]
Se ha añadido a la cola un correo para rcouto@ayesa.com: [GLPI #0029070] Ministerio de Educación > Melilla > 51 IES Juan Antonio Fernández Pérez | Clausura de la petición - Alborán
2024-11-12 11:39:51 [100111@PC140-08]
Se ha añadido a la cola un correo para jesusmaria.dequevedo@educacion.gob.es: [GLPI #0029070] Ministerio de Educación > Melilla > 51 IES Juan Antonio Fernández Pérez | Clausura de la petición - Alborán
2024-11-12 11:39:51 [100111@PC140-08]
Se ha añadido a la cola un correo para tic.ies.jaf@docentemelilla.educacion.gob.es: [GLPI #0029098] Ministerio de Educación > Melilla > 51 IES Juan Antonio Fernández Pérez | Clausura de la petición - Fallo en Panel Interactivo
2024-11-12 11:39:52 [100111@PC140-08]
Se ha añadido a la cola un correo para frjavier.lopez@educacion.gob.es: [GLPI #0029098] Ministerio de Educación > Melilla > 51 IES Juan Antonio Fernández Pérez | Clausura de la petición - Fallo en Panel Interactivo
2024-11-12 11:39:52 [100111@PC140-08]
Se ha añadido a la cola un correo para averiasglpi@gmail.com: [GLPI #0029098] Ministerio de Educación > Melilla > 51 IES Juan Antonio Fernández Pérez | Clausura de la petición - Fallo en Panel Interactivo
2024-11-12 11:39:52 [100111@PC140-08]
Se ha añadido a la cola un correo para miguel.arquero@gmail.com: [GLPI #0029098] Ministerio de Educación > Melilla > 51 IES Juan Antonio Fernández Pérez | Clausura de la petición - Fallo en Panel Interactivo
2024-11-12 11:39:52 [100111@PC140-08]
Se ha añadido a la cola un correo para tic.ies.jaf@docentemelilla.educacion.gob.es: [GLPI #0029137] Ministerio de Educación > Melilla > 51 IES Juan Antonio Fernández Pérez | Clausura de la petición - SED/Moodle
2024-11-12 11:39:52 [100111@PC140-08]
Se ha añadido a la cola un correo para jose.cerdan@educacion.gob.es: [GLPI #0029137] Ministerio de Educación > Melilla > 51 IES Juan Antonio Fernández Pérez | Clausura de la petición - SED/Moodle
2024-11-12 11:39:52 [100111@PC140-08]
Se ha añadido a la cola un correo para tic.ies.jaf@docentemelilla.educacion.gob.es: [GLPI #0029145] Ministerio de Educación > Melilla > 51 IES Juan Antonio Fernández Pérez | Clausura de la petición - Fallo de conexión Wifi. AP desconectado
2024-11-12 11:39:52 [100111@PC140-08]
Se ha añadido a la cola un correo para pablo.casado@educacion.gob.es: [GLPI #0029145] Ministerio de Educación > Melilla > 51 IES Juan Antonio Fernández Pérez | Clausura de la petición - Fallo de conexión Wifi. AP desconectado
2024-11-12 11:39:53 [100111@PC140-08]
Se ha añadido a la cola un correo para tic.ies.leopoldoqueipo@docentemelilla.educacion.gob.es: [GLPI #0029056] Ministerio de Educación > Melilla > 52 IES Leopoldo Queipo | Clausura de la petición - Cuenta de correo corporativo
2024-11-12 11:39:53 [100111@PC140-08]
Se ha añadido a la cola un correo para frjavier.lopez@educacion.gob.es: [GLPI #0029056] Ministerio de Educación > Melilla > 52 IES Leopoldo Queipo | Clausura de la petición - Cuenta de correo corporativo
2024-11-12 11:39:53 [100111@PC140-08]
Se ha añadido a la cola un correo para pablo.casado@educacion.gob.es: [GLPI #0029056] Ministerio de Educación > Melilla > 52 IES Leopoldo Queipo | Clausura de la petición - Cuenta de correo corporativo
2024-11-12 11:39:54 [100111@PC140-08]
Se ha añadido a la cola un correo para tic.ies.miguelfernandez@edumelilla.es: [GLPI #0028412] Ministerio de Educación > Melilla > 53 IES Miguel Fernández | Clausura de la petición - SED/Moodle
2024-11-12 11:39:54 [100111@PC140-08]
Se ha añadido a la cola un correo para jose.cerdan@educacion.gob.es: [GLPI #0028412] Ministerio de Educación > Melilla > 53 IES Miguel Fernández | Clausura de la petición - SED/Moodle
2024-11-12 11:39:54 [100111@PC140-08]
Se ha añadido a la cola un correo para soporte.alboran@educacion.gob.es: [GLPI #0028412] Ministerio de Educación > Melilla > 53 IES Miguel Fernández | Clausura de la petición - SED/Moodle
2024-11-12 11:39:54 [100111@PC140-08]
Se ha añadido a la cola un correo para pedro.molero@educacion.gob.es: [GLPI #0028412] Ministerio de Educación > Melilla > 53 IES Miguel Fernández | Clausura de la petición - SED/Moodle
2024-11-12 11:39:54 [100111@PC140-08]
Se ha añadido a la cola un correo para cesar.carrero@educacion.gob.es: [GLPI #0028412] Ministerio de Educación > Melilla > 53 IES Miguel Fernández | Clausura de la petición - SED/Moodle
2024-11-12 11:39:54 [100111@PC140-08]
Se ha añadido a la cola un correo para tic.ies.rusadir@docentemelilla.educacion.gob.es: [GLPI #0028949] Ministerio de Educación > Melilla > 54 IES Rusadir | Clausura de la petición - Mantenimiento de software (actualizar programas, clonación, etc)
2024-11-12 11:39:55 [100111@PC140-08]
Se ha añadido a la cola un correo para tic.ies.rusadir@docentemelilla.educacion.gob.es: [GLPI #0028987] Ministerio de Educación > Melilla > 54 IES Rusadir | Clausura de la petición - Fallo de conexión por cable en equipo
2024-11-12 11:39:55 [100111@PC140-08]
Se ha añadido a la cola un correo para tic.ies.rusadir@docentemelilla.educacion.gob.es: [GLPI #0029134] Ministerio de Educación > Melilla > 54 IES Rusadir | Clausura de la petición - Fallo de conexión por cable en equipo
2024-11-12 11:39:55 [100111@PC140-08]
Se ha añadido a la cola un correo para averiasglpi@gmail.com: [GLPI #0029134] Ministerio de Educación > Melilla > 54 IES Rusadir | Clausura de la petición - Fallo de conexión por cable en equipo
2024-11-12 11:39:55 [100111@PC140-08]
Se ha añadido a la cola un correo para miguel.arquero@gmail.com: [GLPI #0029134] Ministerio de Educación > Melilla > 54 IES Rusadir | Clausura de la petición - Fallo de conexión por cable en equipo
2024-11-12 11:39:56 [100111@PC140-08]
Se ha añadido a la cola un correo para tic.ies.rusadir@docentemelilla.educacion.gob.es: [GLPI #0029163] Ministerio de Educación > Melilla > 54 IES Rusadir | Clausura de la petición - Fallo en dispositivo (ordenador, tablet, impresora, monitor, etc)
2024-11-12 11:39:56 [100111@PC140-08]
Se ha añadido a la cola un correo para averiasglpi@gmail.com: [GLPI #0029163] Ministerio de Educación > Melilla > 54 IES Rusadir | Clausura de la petición - Fallo en dispositivo (ordenador, tablet, impresora, monitor, etc)
2024-11-12 11:39:56 [100111@PC140-08]
Se ha añadido a la cola un correo para miguel.arquero@gmail.com: [GLPI #0029163] Ministerio de Educación > Melilla > 54 IES Rusadir | Clausura de la petición - Fallo en dispositivo (ordenador, tablet, impresora, monitor, etc)
2024-11-12 11:39:56 [100111@PC140-08]
Se ha añadido a la cola un correo para tic.ies.virgenvictoria@docentemelilla.educacion.gob.es: [GLPI #0029188] Ministerio de Educación > Melilla > 55 IES Virgen de la Victoria | Clausura de la petición - Cuenta de correo corporativo
2024-11-12 11:39:56 [100111@PC140-08]
Se ha añadido a la cola un correo para frjavier.lopez@educacion.gob.es: [GLPI #0029188] Ministerio de Educación > Melilla > 55 IES Virgen de la Victoria | Clausura de la petición - Cuenta de correo corporativo
2024-11-12 11:39:56 [100111@PC140-08]
Se ha añadido a la cola un correo para pablo.casado@educacion.gob.es: [GLPI #0029188] Ministerio de Educación > Melilla > 55 IES Virgen de la Victoria | Clausura de la petición - Cuenta de correo corporativo
2024-11-12 11:39:57 [100111@PC140-08]
Se ha añadido a la cola un correo para frjavier.lopez@educacion.gob.es: [GLPI #0024742] Ministerio de Educación > Melilla > 57 CEE Reina Sofia | Clausura de la petición - Fallo en Panel Interactivo
2024-11-12 11:39:57 [100111@PC140-08]
Se ha añadido a la cola un correo para averiasglpi@gmail.com: [GLPI #0024742] Ministerio de Educación > Melilla > 57 CEE Reina Sofia | Clausura de la petición - Fallo en Panel Interactivo
2024-11-12 11:39:57 [100111@PC140-08]
Se ha añadido a la cola un correo para miguel.arquero@gmail.com: [GLPI #0024742] Ministerio de Educación > Melilla > 57 CEE Reina Sofia | Clausura de la petición - Fallo en Panel Interactivo
2024-11-12 11:39:57 [100111@PC140-08]
Se ha añadido a la cola un correo para matilde.martin@edumelilla.es: [GLPI #0028684] Ministerio de Educación > Melilla > 57 CEE Reina Sofia | Clausura de la petición - Claves WIFI
2024-11-12 11:39:57 [100111@PC140-08]
Se ha añadido a la cola un correo para pablo.casado@educacion.gob.es: [GLPI #0028684] Ministerio de Educación > Melilla > 57 CEE Reina Sofia | Clausura de la petición - Claves WIFI
2024-11-12 11:39:57 [100111@PC140-08]
Se ha añadido a la cola un correo para frjavier.lopez@educacion.gob.es: [GLPI #0028684] Ministerio de Educación > Melilla > 57 CEE Reina Sofia | Clausura de la petición - Claves WIFI
2024-11-12 11:39:58 [100111@PC140-08]
Se ha añadido a la cola un correo para tic.cifp.rveugenia@docentemelilla.educacion.gob.es: [GLPI #0029102] Ministerio de Educación > Melilla > 56 CIFP Reina Victoria Eugenia | Clausura de la petición - Instalación equipos nuevos
2024-11-12 11:39:58 [100111@PC140-08]
Se ha añadido a la cola un correo para tic.cifp.rveugenia@docentemelilla.educacion.gob.es: [GLPI #0029103] Ministerio de Educación > Melilla > 56 CIFP Reina Victoria Eugenia | Clausura de la petición - Fallo de conexión por cable en equipo
2024-11-12 11:39:58 [100111@PC140-08]
Se ha añadido a la cola un correo para tic.cifp.rveugenia@docentemelilla.educacion.gob.es: [GLPI #0029104] Ministerio de Educación > Melilla > 56 CIFP Reina Victoria Eugenia | Clausura de la petición - Cuenta de correo corporativo
2024-11-12 11:39:58 [100111@PC140-08]
Se ha añadido a la cola un correo para frjavier.lopez@educacion.gob.es: [GLPI #0029104] Ministerio de Educación > Melilla > 56 CIFP Reina Victoria Eugenia | Clausura de la petición - Cuenta de correo corporativo
2024-11-12 11:39:58 [100111@PC140-08]
Se ha añadido a la cola un correo para pablo.casado@educacion.gob.es: [GLPI #0029104] Ministerio de Educación > Melilla > 56 CIFP Reina Victoria Eugenia | Clausura de la petición - Cuenta de correo corporativo
2024-11-12 11:39:59 [100111@PC140-08]
Se ha añadido a la cola un correo para tic.eamm@edumelilla.es: [GLPI #0029154] Ministerio de Educación > Melilla > 60 EA Miguel Marmolejo | Clausura de la petición - Alborán
2024-11-12 11:39:59 [100111@PC140-08]
Se ha añadido a la cola un correo para jose.cerdan@educacion.gob.es: [GLPI #0029154] Ministerio de Educación > Melilla > 60 EA Miguel Marmolejo | Clausura de la petición - Alborán
2024-11-12 11:39:59 [100111@PC140-08]
Se ha añadido a la cola un correo para soporte.alboran@educacion.gob.es: [GLPI #0029154] Ministerio de Educación > Melilla > 60 EA Miguel Marmolejo | Clausura de la petición - Alborán
2024-11-12 11:39:59 [100111@PC140-08]
Se ha añadido a la cola un correo para sgrande@ayesa.com: [GLPI #0029154] Ministerio de Educación > Melilla > 60 EA Miguel Marmolejo | Clausura de la petición - Alborán
2024-11-12 11:39:59 [100111@PC140-08]
Se ha añadido a la cola un correo para aquiros@ayesa.com: [GLPI #0029154] Ministerio de Educación > Melilla > 60 EA Miguel Marmolejo | Clausura de la petición - Alborán
2024-11-12 11:39:59 [100111@PC140-08]
Se ha añadido a la cola un correo para rcouto@ayesa.com: [GLPI #0029154] Ministerio de Educación > Melilla > 60 EA Miguel Marmolejo | Clausura de la petición - Alborán
2024-11-12 11:39:59 [100111@PC140-08]
Se ha añadido a la cola un correo para jesusmaria.dequevedo@educacion.gob.es: [GLPI #0029154] Ministerio de Educación > Melilla > 60 EA Miguel Marmolejo | Clausura de la petición - Alborán
2024-11-12 11:39:59 [100111@PC140-08]
Se ha añadido a la cola un correo para tic.conservatorio@docentemelilla.educacion.gob.es: [GLPI #0029039] Ministerio de Educación > Melilla > 70 Conservatorio | Clausura de la petición - Cuenta de correo corporativo
2024-11-12 11:40:00 [100111@PC140-08]
Se ha añadido a la cola un correo para frjavier.lopez@educacion.gob.es: [GLPI #0029039] Ministerio de Educación > Melilla > 70 Conservatorio | Clausura de la petición - Cuenta de correo corporativo
2024-11-12 11:40:00 [100111@PC140-08]
Se ha añadido a la cola un correo para pablo.casado@educacion.gob.es: [GLPI #0029039] Ministerio de Educación > Melilla > 70 Conservatorio | Clausura de la petición - Cuenta de correo corporativo
2024-11-12 11:40:00 [100111@PC140-08]
Se ha añadido a la cola un correo para ceip.espana@educacion.gob.es: [GLPI #0028771] Ministerio de Educación > Melilla > Alborán | Clausura de la petición - FENICIA > Gestión académica
2024-11-12 11:40:00 [100111@PC140-08]
Se ha añadido a la cola un correo para jose.cerdan@educacion.gob.es: [GLPI #0028771] Ministerio de Educación > Melilla > Alborán | Clausura de la petición - FENICIA > Gestión académica
2024-11-12 11:40:00 [100111@PC140-08]
Se ha añadido a la cola un correo para ceip.espana@educacion.gob.es: [GLPI #0028774] Ministerio de Educación > Melilla > Alborán | Clausura de la petición - FENICIA > Gestión académica
2024-11-12 11:40:01 [100111@PC140-08]
Se ha añadido a la cola un correo para desarrollo.fenicia@ayesa.com: [GLPI #0028774] Ministerio de Educación > Melilla > Alborán | Clausura de la petición - FENICIA > Gestión académica
2024-11-12 11:40:01 [100111@PC140-08]
Se ha añadido a la cola un correo para jose.cerdan@educacion.gob.es: [GLPI #0028774] Ministerio de Educación > Melilla > Alborán | Clausura de la petición - FENICIA > Gestión académica
2024-11-12 11:40:01 [100111@PC140-08]
Se ha añadido a la cola un correo para ceip.pintormorillas@educacion.gob.es: [GLPI #0028838] Ministerio de Educación > Melilla > Alborán | Clausura de la petición - FENICIA > Gestión académica
2024-11-12 11:40:01 [100111@PC140-08]
Se ha añadido a la cola un correo para cau.fenicia@ayesa.com: [GLPI #0028838] Ministerio de Educación > Melilla > Alborán | Clausura de la petición - FENICIA > Gestión académica
2024-11-12 11:40:01 [100111@PC140-08]
Se ha añadido a la cola un correo para soporte.fenicia@educacion.gob.es: [GLPI #0028838] Ministerio de Educación > Melilla > Alborán | Clausura de la petición - FENICIA > Gestión académica
2024-11-12 11:40:01 [100111@PC140-08]
Se ha añadido a la cola un correo para jose.cerdan@educacion.gob.es: [GLPI #0028838] Ministerio de Educación > Melilla > Alborán | Clausura de la petición - FENICIA > Gestión académica
2024-11-12 11:40:01 [100111@PC140-08]
Se ha añadido a la cola un correo para desarrollo.fenicia@ayesa.com: [GLPI #0028838] Ministerio de Educación > Melilla > Alborán | Clausura de la petición - FENICIA > Gestión académica
2024-11-12 11:40:01 [100111@PC140-08]
Se ha añadido a la cola un correo para ceip.espana@educacion.gob.es: [GLPI #0028845] Ministerio de Educación > Melilla > Alborán | Clausura de la petición - FENICIA > Gestión académica
2024-11-12 11:40:02 [100111@PC140-08]
Se ha añadido a la cola un correo para cau.fenicia@ayesa.com: [GLPI #0028845] Ministerio de Educación > Melilla > Alborán | Clausura de la petición - FENICIA > Gestión académica
2024-11-12 11:40:02 [100111@PC140-08]
Se ha añadido a la cola un correo para soporte.fenicia@educacion.gob.es: [GLPI #0028845] Ministerio de Educación > Melilla > Alborán | Clausura de la petición - FENICIA > Gestión académica
2024-11-12 11:40:02 [100111@PC140-08]
Se ha añadido a la cola un correo para jose.cerdan@educacion.gob.es: [GLPI #0028845] Ministerio de Educación > Melilla > Alborán | Clausura de la petición - FENICIA > Gestión académica
2024-11-12 11:40:02 [100111@PC140-08]
Se ha añadido a la cola un correo para desarrollo.fenicia@ayesa.com: [GLPI #0028845] Ministerio de Educación > Melilla > Alborán | Clausura de la petición - FENICIA > Gestión académica
2024-11-12 11:40:02 [100111@PC140-08]
Se ha añadido a la cola un correo para ies.rusadir@educacion.gob.es: [GLPI #0028919] Ministerio de Educación > Melilla > Alborán | Clausura de la petición - Alborán
2024-11-12 11:40:02 [100111@PC140-08]
Se ha añadido a la cola un correo para jose.cerdan@educacion.gob.es: [GLPI #0028919] Ministerio de Educación > Melilla > Alborán | Clausura de la petición - Alborán
2024-11-12 11:40:02 [100111@PC140-08]
Se ha añadido a la cola un correo para soporte.alboran@educacion.gob.es: [GLPI #0028919] Ministerio de Educación > Melilla > Alborán | Clausura de la petición - Alborán
2024-11-12 11:40:02 [100111@PC140-08]
Se ha añadido a la cola un correo para sgrande@ayesa.com: [GLPI #0028919] Ministerio de Educación > Melilla > Alborán | Clausura de la petición - Alborán
2024-11-12 11:40:02 [100111@PC140-08]
Se ha añadido a la cola un correo para aquiros@ayesa.com: [GLPI #0028919] Ministerio de Educación > Melilla > Alborán | Clausura de la petición - Alborán
2024-11-12 11:40:02 [100111@PC140-08]
Se ha añadido a la cola un correo para rcouto@ayesa.com: [GLPI #0028919] Ministerio de Educación > Melilla > Alborán | Clausura de la petición - Alborán
2024-11-12 11:40:02 [100111@PC140-08]
Se ha añadido a la cola un correo para jesusmaria.dequevedo@educacion.gob.es: [GLPI #0028919] Ministerio de Educación > Melilla > Alborán | Clausura de la petición - Alborán
2024-11-12 11:40:02 [100111@PC140-08]
Se ha añadido a la cola un correo para pedro.molero@educacion.gob.es: [GLPI #0028919] Ministerio de Educación > Melilla > Alborán | Clausura de la petición - Alborán
2024-11-12 11:40:03 [100111@PC140-08]
Se ha añadido a la cola un correo para ies.virgenvictoria@educacion.gob.es: [GLPI #0028946] Ministerio de Educación > Melilla > Alborán | Clausura de la petición - FENICIA > Gestión Económica
2024-11-12 11:40:03 [100111@PC140-08]
Se ha añadido a la cola un correo para joseismael.rodriguez@educeuta.es: [GLPI #0028946] Ministerio de Educación > Melilla > Alborán | Clausura de la petición - FENICIA > Gestión Económica
2024-11-12 11:40:03 [100111@PC140-08]
Se ha añadido a la cola un correo para ies.virgenvictoria@educacion.gob.es: [GLPI #0028947] Ministerio de Educación > Melilla > Alborán | Clausura de la petición - FENICIA > Gestión Económica
2024-11-12 11:40:03 [100111@PC140-08]
Se ha añadido a la cola un correo para joseismael.rodriguez@educeuta.es: [GLPI #0028947] Ministerio de Educación > Melilla > Alborán | Clausura de la petición - FENICIA > Gestión Económica
2024-11-12 11:40:03 [100111@PC140-08]
Se ha añadido a la cola un correo para eeaa.melilla@educacion.gob.es: [GLPI #0028955] Ministerio de Educación > Melilla > Alborán | Clausura de la petición - Alborán
2024-11-12 11:40:04 [100111@PC140-08]
Se ha añadido a la cola un correo para jose.cerdan@educacion.gob.es: [GLPI #0028955] Ministerio de Educación > Melilla > Alborán | Clausura de la petición - Alborán
2024-11-12 11:40:04 [100111@PC140-08]
Se ha añadido a la cola un correo para soporte.alboran@educacion.gob.es: [GLPI #0028955] Ministerio de Educación > Melilla > Alborán | Clausura de la petición - Alborán
2024-11-12 11:40:04 [100111@PC140-08]
Se ha añadido a la cola un correo para sgrande@ayesa.com: [GLPI #0028955] Ministerio de Educación > Melilla > Alborán | Clausura de la petición - Alborán
2024-11-12 11:40:04 [100111@PC140-08]
Se ha añadido a la cola un correo para aquiros@ayesa.com: [GLPI #0028955] Ministerio de Educación > Melilla > Alborán | Clausura de la petición - Alborán
2024-11-12 11:40:04 [100111@PC140-08]
Se ha añadido a la cola un correo para rcouto@ayesa.com: [GLPI #0028955] Ministerio de Educación > Melilla > Alborán | Clausura de la petición - Alborán
2024-11-12 11:40:04 [100111@PC140-08]
Se ha añadido a la cola un correo para jesusmaria.dequevedo@educacion.gob.es: [GLPI #0028955] Ministerio de Educación > Melilla > Alborán | Clausura de la petición - Alborán
2024-11-12 11:40:04 [100111@PC140-08]
Se ha añadido a la cola un correo para pedro.molero@educacion.gob.es: [GLPI #0028955] Ministerio de Educación > Melilla > Alborán | Clausura de la petición - Alborán
2024-11-12 11:40:04 [100111@PC140-08]
Se ha añadido a la cola un correo para ies.rusadir@educacion.gob.es: [GLPI #0028989] Ministerio de Educación > Melilla > Alborán | Clausura de la petición - Alborán
2024-11-12 11:40:04 [100111@PC140-08]
Se ha añadido a la cola un correo para jose.cerdan@educacion.gob.es: [GLPI #0028989] Ministerio de Educación > Melilla > Alborán | Clausura de la petición - Alborán
2024-11-12 11:40:04 [100111@PC140-08]
Se ha añadido a la cola un correo para soporte.alboran@educacion.gob.es: [GLPI #0028989] Ministerio de Educación > Melilla > Alborán | Clausura de la petición - Alborán
2024-11-12 11:40:04 [100111@PC140-08]
Se ha añadido a la cola un correo para pedro.molero@educacion.gob.es: [GLPI #0028989] Ministerio de Educación > Melilla > Alborán | Clausura de la petición - Alborán
2024-11-12 11:40:04 [100111@PC140-08]
Se ha añadido a la cola un correo para rcouto@ayesa.com: [GLPI #0028989] Ministerio de Educación > Melilla > Alborán | Clausura de la petición - Alborán
2024-11-12 11:40:04 [100111@PC140-08]
Se ha añadido a la cola un correo para sgrande@ayesa.com: [GLPI #0028989] Ministerio de Educación > Melilla > Alborán | Clausura de la petición - Alborán
2024-11-12 11:40:04 [100111@PC140-08]
Se ha añadido a la cola un correo para lamado@ayesa.com: [GLPI #0028989] Ministerio de Educación > Melilla > Alborán | Clausura de la petición - Alborán
2024-11-12 11:40:05 [100111@PC140-08]
Se ha añadido a la cola un correo para ies.leopoldoqueipo@educacion.gob.es: [GLPI #0029006] Ministerio de Educación > Melilla > Alborán | Clausura de la petición - Alborán
2024-11-12 11:40:05 [100111@PC140-08]
Se ha añadido a la cola un correo para jose.cerdan@educacion.gob.es: [GLPI #0029006] Ministerio de Educación > Melilla > Alborán | Clausura de la petición - Alborán
2024-11-12 11:40:05 [100111@PC140-08]
Se ha añadido a la cola un correo para soporte.alboran@educacion.gob.es: [GLPI #0029006] Ministerio de Educación > Melilla > Alborán | Clausura de la petición - Alborán
2024-11-12 11:40:05 [100111@PC140-08]
Se ha añadido a la cola un correo para jesusmaria.dequevedo@educacion.gob.es: [GLPI #0029006] Ministerio de Educación > Melilla > Alborán | Clausura de la petición - Alborán
2024-11-12 11:40:05 [100111@PC140-08]
Se ha añadido a la cola un correo para pedro.molero@educacion.gob.es: [GLPI #0029006] Ministerio de Educación > Melilla > Alborán | Clausura de la petición - Alborán
2024-11-12 11:40:05 [100111@PC140-08]
Se ha añadido a la cola un correo para sgrande@ayesa.com: [GLPI #0029006] Ministerio de Educación > Melilla > Alborán | Clausura de la petición - Alborán
2024-11-12 11:40:05 [100111@PC140-08]
Se ha añadido a la cola un correo para aquiros@ayesa.com: [GLPI #0029006] Ministerio de Educación > Melilla > Alborán | Clausura de la petición - Alborán
2024-11-12 11:40:05 [100111@PC140-08]
Se ha añadido a la cola un correo para lamado@ayesa.com: [GLPI #0029006] Ministerio de Educación > Melilla > Alborán | Clausura de la petición - Alborán
2024-11-12 11:40:05 [100111@PC140-08]
Se ha añadido a la cola un correo para ceip.leonsola@educacion.gob.es: [GLPI #0029023] Ministerio de Educación > Melilla > Alborán | Clausura de la petición - FENICIA > Gestión académica
2024-11-12 11:40:06 [100111@PC140-08]
Se ha añadido a la cola un correo para jose.cerdan@educacion.gob.es: [GLPI #0029023] Ministerio de Educación > Melilla > Alborán | Clausura de la petición - FENICIA > Gestión académica
2024-11-12 11:40:06 [100111@PC140-08]
Se ha añadido a la cola un correo para ceip.leonsola@educacion.gob.es: [GLPI #0029043] Ministerio de Educación > Melilla > Alborán | Clausura de la petición - FENICIA > Gestión académica
2024-11-12 11:40:06 [100111@PC140-08]
Se ha añadido a la cola un correo para jose.cerdan@educacion.gob.es: [GLPI #0029043] Ministerio de Educación > Melilla > Alborán | Clausura de la petición - FENICIA > Gestión académica
2024-11-12 11:40:06 [100111@PC140-08]
Se ha añadido a la cola un correo para ceip.espana@educacion.gob.es: [GLPI #0029047] Ministerio de Educación > Melilla > Alborán | Clausura de la petición - FENICIA > Gestión académica
2024-11-12 11:40:06 [100111@PC140-08]
Se ha añadido a la cola un correo para jose.cerdan@educacion.gob.es: [GLPI #0029047] Ministerio de Educación > Melilla > Alborán | Clausura de la petición - FENICIA > Gestión académica
2024-11-12 11:40:07 [100111@PC140-08]
Se ha añadido a la cola un correo para ies.leopoldoqueipo@educacion.gob.es: [GLPI #0029071] Ministerio de Educación > Melilla > Alborán | Clausura de la petición - Alborán
2024-11-12 11:40:07 [100111@PC140-08]
Se ha añadido a la cola un correo para jose.cerdan@educacion.gob.es: [GLPI #0029071] Ministerio de Educación > Melilla > Alborán | Clausura de la petición - Alborán
2024-11-12 11:40:07 [100111@PC140-08]
Se ha añadido a la cola un correo para soporte.alboran@educacion.gob.es: [GLPI #0029071] Ministerio de Educación > Melilla > Alborán | Clausura de la petición - Alborán
2024-11-12 11:40:07 [100111@PC140-08]
Se ha añadido a la cola un correo para sgrande@ayesa.com: [GLPI #0029071] Ministerio de Educación > Melilla > Alborán | Clausura de la petición - Alborán
2024-11-12 11:40:07 [100111@PC140-08]
Se ha añadido a la cola un correo para aquiros@ayesa.com: [GLPI #0029071] Ministerio de Educación > Melilla > Alborán | Clausura de la petición - Alborán
2024-11-12 11:40:07 [100111@PC140-08]
Se ha añadido a la cola un correo para rcouto@ayesa.com: [GLPI #0029071] Ministerio de Educación > Melilla > Alborán | Clausura de la petición - Alborán
2024-11-12 11:40:07 [100111@PC140-08]
Se ha añadido a la cola un correo para jesusmaria.dequevedo@educacion.gob.es: [GLPI #0029071] Ministerio de Educación > Melilla > Alborán | Clausura de la petición - Alborán
2024-11-12 11:40:07 [100111@PC140-08]
Se ha añadido a la cola un correo para ceip.leonsola@educacion.gob.es: [GLPI #0029164] Ministerio de Educación > Melilla > Alborán | Clausura de la petición - FENICIA > Gestión académica
2024-11-12 11:40:07 [100111@PC140-08]
Se ha añadido a la cola un correo para jose.cerdan@educacion.gob.es: [GLPI #0029164] Ministerio de Educación > Melilla > Alborán | Clausura de la petición - FENICIA > Gestión académica
2024-11-12 11:40:08 [100111@PC140-08]
Se ha añadido a la cola un correo para tic.ceip.gdm@docentemelilla.educacion.gob.es: [GLPI #0028872] Ministerio de Educación > Melilla > 68 - CEIP Encarna León | Clausura de la petición - Fallo de conexión por cable en equipo
2024-11-12 11:40:08 [100111@PC140-08]
Se ha añadido a la cola un correo para tic.ceip.gdm@docentemelilla.educacion.gob.es: [GLPI #0029150] Ministerio de Educación > Melilla > 68 - CEIP Encarna León | Clausura de la petición - SED/Moodle
2024-11-12 11:40:08 [100111@PC140-08]
Se ha añadido a la cola un correo para jose.cerdan@educacion.gob.es: [GLPI #0029150] Ministerio de Educación > Melilla > 68 - CEIP Encarna León | Clausura de la petición - SED/Moodle
2024-11-12 11:40:08 [100111@PC140-08]
Se ha añadido a la cola un correo para paloma.bocero@educacion.gob.es: [GLPI #0029010] Ministerio de Educación > Otros centros > Cidead | Clausura de la petición - Alborán
2024-11-12 11:40:09 [100111@PC140-08]
Se ha añadido a la cola un correo para soporte.alboran@educacion.gob.es: [GLPI #0029010] Ministerio de Educación > Otros centros > Cidead | Clausura de la petición - Alborán
2024-11-12 11:40:09 [100111@PC140-08]
Se ha añadido a la cola un correo para sgrande@ayesa.com: [GLPI #0029010] Ministerio de Educación > Otros centros > Cidead | Clausura de la petición - Alborán
2024-11-12 11:40:09 [100111@PC140-08]
Se ha añadido a la cola un correo para aquiros@ayesa.com: [GLPI #0029010] Ministerio de Educación > Otros centros > Cidead | Clausura de la petición - Alborán
2024-11-12 11:40:09 [100111@PC140-08]
Se ha añadido a la cola un correo para rcouto@ayesa.com: [GLPI #0029010] Ministerio de Educación > Otros centros > Cidead | Clausura de la petición - Alborán
2024-11-12 11:40:09 [100111@PC140-08]
Se ha añadido a la cola un correo para pedro.molero@educacion.gob.es: [GLPI #0029010] Ministerio de Educación > Otros centros > Cidead | Clausura de la petición - Alborán
2024-11-12 11:40:09 [100111@PC140-08]
Se ha añadido a la cola un correo para jesusmaria.dequevedo@educacion.gob.es: [GLPI #0029010] Ministerio de Educación > Otros centros > Cidead | Clausura de la petición - Alborán
2024-11-12 11:40:09 [100111@PC140-08]
Se ha añadido a la cola un correo para carlos.merino@ceuta.educacion.gob.es: [GLPI #0029042] Ministerio de Educación > Ceuta | Clausura de la petición - Incidencia Moodle SED
2024-11-12 11:40:09 [100111@PC140-08]
Se ha añadido a la cola un correo para anaisabel.lopez@educacion.gob.es: [GLPI #0029042] Ministerio de Educación > Ceuta | Clausura de la petición - Incidencia Moodle SED
2024-11-12 11:40:09 [100111@PC140-08]
Se ha añadido a la cola un correo para sed@educacion.gob.es: [GLPI #0029042] Ministerio de Educación > Ceuta | Clausura de la petición - Incidencia Moodle SED
2024-11-12 11:40:10 [100111@PC140-08]
Se ha añadido a la cola un correo para cesar.carrero@educacion.gob.es: [GLPI #0029042] Ministerio de Educación > Ceuta | Clausura de la petición - Incidencia Moodle SED
2024-11-12 11:40:10 [100111@PC140-08]
Se ha añadido a la cola un correo para sergio.gonzalezm@ceuta.educacion.gob.es: [GLPI #0029042] Ministerio de Educación > Ceuta | Clausura de la petición - Incidencia Moodle SED
2024-11-12 11:40:10 [100111@PC140-08]
Se ha añadido a la cola un correo para pedro.molero@educacion.gob.es: [GLPI #0029042] Ministerio de Educación > Ceuta | Clausura de la petición - Incidencia Moodle SED
2024-11-12 11:40:10 [100111@PC140-08]
Se ha añadido a la cola un correo para carlos.merino@ceuta.educacion.gob.es: [GLPI #0029100] Ministerio de Educación > Ceuta | Clausura de la petición - Incidencia Moodle SED
2024-11-12 11:40:10 [100111@PC140-08]
Se ha añadido a la cola un correo para sergio.gonzalezm@ceuta.educacion.gob.es: [GLPI #0029100] Ministerio de Educación > Ceuta | Clausura de la petición - Incidencia Moodle SED
2024-11-12 11:40:10 [100111@PC140-08]
Se ha añadido a la cola un correo para juanramon.abella@educacion.gob.es: [GLPI #0029100] Ministerio de Educación > Ceuta | Clausura de la petición - Incidencia Moodle SED
2024-11-12 11:40:10 [100111@PC140-08]
Se ha añadido a la cola un correo para cesar.carrero@educacion.gob.es: [GLPI #0029100] Ministerio de Educación > Ceuta | Clausura de la petición - Incidencia Moodle SED
2024-11-12 11:40:11 [100111@PC140-08]
Se ha añadido a la cola un correo para cde.picasso@educeuta.es: [GLPI #0029074] Ministerio de Educación > Ceuta > 120 CEIP Pablo Ruiz Picasso | Clausura de la petición - Fallo en Panel Interactivo
2024-11-12 11:40:11 [100111@PC140-08]
Se ha añadido a la cola un correo para tecnico4@zonelan.es: [GLPI #0029074] Ministerio de Educación > Ceuta > 120 CEIP Pablo Ruiz Picasso | Clausura de la petición - Fallo en Panel Interactivo
2024-11-12 11:40:11 [100111@PC140-08]
Se ha añadido a la cola un correo para julia.padial@docenteceuta.educacion.gob.es: [GLPI #0029193] Ministerio de Educación > Ceuta > 124 CEIP Santa Amelia | Clausura de la petición - Teams/Correo
2024-11-12 11:40:12 [100111@PC140-08]
Se ha añadido a la cola un correo para ceip.lopedevega@educeuta.es: [GLPI #0028200] Ministerio de Educación > Ceuta > 118 CEIP Lope de Vega | Clausura de la petición - Solicitud asistencia/asesoramiento
2024-11-12 11:40:12 [100111@PC140-08]
Se ha añadido a la cola un correo para joseantonio.bernal@ceuta.educacion.gob.es: [GLPI #0028200] Ministerio de Educación > Ceuta > 118 CEIP Lope de Vega | Clausura de la petición - Solicitud asistencia/asesoramiento
2024-11-12 11:40:12 [100111@PC140-08]
Se ha añadido a la cola un correo para antonio.vazquez.externo@docenteceuta.educacion.gob.es: [GLPI #0028200] Ministerio de Educación > Ceuta > 118 CEIP Lope de Vega | Clausura de la petición - Solicitud asistencia/asesoramiento
2024-11-12 11:40:12 [100111@PC140-08]
Se ha añadido a la cola un correo para ceip.lopedevega@educeuta.es: [GLPI #0028633] Ministerio de Educación > Ceuta > 118 CEIP Lope de Vega | Clausura de la petición - FENICIA > Gestión académica
2024-11-12 11:40:12 [100111@PC140-08]
Se ha añadido a la cola un correo para cau.fenicia@ayesa.com: [GLPI #0028633] Ministerio de Educación > Ceuta > 118 CEIP Lope de Vega | Clausura de la petición - FENICIA > Gestión académica
2024-11-12 11:40:12 [100111@PC140-08]
Se ha añadido a la cola un correo para soporte.fenicia@educacion.gob.es: [GLPI #0028633] Ministerio de Educación > Ceuta > 118 CEIP Lope de Vega | Clausura de la petición - FENICIA > Gestión académica
2024-11-12 11:40:12 [100111@PC140-08]
Se ha añadido a la cola un correo para sergio.gonzalezm@ceuta.educacion.gob.es: [GLPI #0028633] Ministerio de Educación > Ceuta > 118 CEIP Lope de Vega | Clausura de la petición - FENICIA > Gestión académica
2024-11-12 11:40:12 [100111@PC140-08]
Se ha añadido a la cola un correo para carlos.merino@ceuta.educacion.gob.es: [GLPI #0028633] Ministerio de Educación > Ceuta > 118 CEIP Lope de Vega | Clausura de la petición - FENICIA > Gestión académica
2024-11-12 11:40:13 [100111@PC140-08]
Se ha añadido a la cola un correo para ceip.lopedevega@educeuta.es: [GLPI #0028719] Ministerio de Educación > Ceuta > 118 CEIP Lope de Vega | Clausura de la petición - FENICIA > Gestión académica
2024-11-12 11:40:13 [100111@PC140-08]
Se ha añadido a la cola un correo para sergio.gonzalezm@ceuta.educacion.gob.es: [GLPI #0028719] Ministerio de Educación > Ceuta > 118 CEIP Lope de Vega | Clausura de la petición - FENICIA > Gestión académica
2024-11-12 11:40:13 [100111@PC140-08]
Se ha añadido a la cola un correo para carlos.merino@ceuta.educacion.gob.es: [GLPI #0028719] Ministerio de Educación > Ceuta > 118 CEIP Lope de Vega | Clausura de la petición - FENICIA > Gestión académica
2024-11-12 11:40:13 [100111@PC140-08]
Se ha añadido a la cola un correo para ceip.lopedevega@educeuta.es: [GLPI #0029031] Ministerio de Educación > Ceuta > 118 CEIP Lope de Vega | Clausura de la petición - FENICIA > Gestión académica
2024-11-12 11:40:13 [100111@PC140-08]
Se ha añadido a la cola un correo para sergio.gonzalezm@ceuta.educacion.gob.es: [GLPI #0029031] Ministerio de Educación > Ceuta > 118 CEIP Lope de Vega | Clausura de la petición - FENICIA > Gestión académica
2024-11-12 11:40:13 [100111@PC140-08]
Se ha añadido a la cola un correo para carlos.merino@ceuta.educacion.gob.es: [GLPI #0029031] Ministerio de Educación > Ceuta > 118 CEIP Lope de Vega | Clausura de la petición - FENICIA > Gestión académica
2024-11-12 11:40:13 [100111@PC140-08]
Se ha añadido a la cola un correo para cau.fenicia@ayesa.com: [GLPI #0029031] Ministerio de Educación > Ceuta > 118 CEIP Lope de Vega | Clausura de la petición - FENICIA > Gestión académica
2024-11-12 11:40:14 [100111@PC140-08]
Se ha añadido a la cola un correo para ceip.lopedevega@educeuta.es: [GLPI #0029064] Ministerio de Educación > Ceuta > 118 CEIP Lope de Vega | Clausura de la petición - FENICIA > Gestión académica
2024-11-12 11:40:14 [100111@PC140-08]
Se ha añadido a la cola un correo para sergio.gonzalezm@ceuta.educacion.gob.es: [GLPI #0029064] Ministerio de Educación > Ceuta > 118 CEIP Lope de Vega | Clausura de la petición - FENICIA > Gestión académica
2024-11-12 11:40:14 [100111@PC140-08]
Se ha añadido a la cola un correo para carlos.merino@ceuta.educacion.gob.es: [GLPI #0029064] Ministerio de Educación > Ceuta > 118 CEIP Lope de Vega | Clausura de la petición - FENICIA > Gestión académica
2024-11-12 11:40:14 [100111@PC140-08]
Se ha añadido a la cola un correo para ceip.lopedevega@educeuta.es: [GLPI #0029143] Ministerio de Educación > Ceuta > 118 CEIP Lope de Vega | Clausura de la petición - FENICIA > Gestión académica
2024-11-12 11:40:14 [100111@PC140-08]
Se ha añadido a la cola un correo para cau.fenicia@ayesa.com: [GLPI #0029143] Ministerio de Educación > Ceuta > 118 CEIP Lope de Vega | Clausura de la petición - FENICIA > Gestión académica
2024-11-12 11:40:14 [100111@PC140-08]
Se ha añadido a la cola un correo para soporte.fenicia@educacion.gob.es: [GLPI #0029143] Ministerio de Educación > Ceuta > 118 CEIP Lope de Vega | Clausura de la petición - FENICIA > Gestión académica
2024-11-12 11:40:14 [100111@PC140-08]
Se ha añadido a la cola un correo para sergio.gonzalezm@ceuta.educacion.gob.es: [GLPI #0029143] Ministerio de Educación > Ceuta > 118 CEIP Lope de Vega | Clausura de la petición - FENICIA > Gestión académica
2024-11-12 11:40:14 [100111@PC140-08]
Se ha añadido a la cola un correo para carlos.merino@ceuta.educacion.gob.es: [GLPI #0029143] Ministerio de Educación > Ceuta > 118 CEIP Lope de Vega | Clausura de la petición - FENICIA > Gestión académica
2024-11-12 11:40:14 [100111@PC140-08]
Se ha añadido a la cola un correo para desarrollo.fenicia@ayesa.com: [GLPI #0029143] Ministerio de Educación > Ceuta > 118 CEIP Lope de Vega | Clausura de la petición - FENICIA > Gestión académica
2024-11-12 11:40:15 [100111@PC140-08]
Se ha añadido a la cola un correo para cde.ramonycajal@educeuta.es: [GLPI #0028871] Ministerio de Educación > Ceuta > 110 CEIP Santiago Ramón y Cajal | Clausura de la petición - Incidencia Equipamiento
2024-11-12 11:40:15 [100111@PC140-08]
Se ha añadido a la cola un correo para joseismael.rodriguez@educeuta.es: [GLPI #0028871] Ministerio de Educación > Ceuta > 110 CEIP Santiago Ramón y Cajal | Clausura de la petición - Incidencia Equipamiento
2024-11-12 11:40:15 [100111@PC140-08]
Se ha añadido a la cola un correo para nacho@zonelan.es: [GLPI #0028871] Ministerio de Educación > Ceuta > 110 CEIP Santiago Ramón y Cajal | Clausura de la petición - Incidencia Equipamiento
2024-11-12 11:40:15 [100111@PC140-08]
Se ha añadido a la cola un correo para tecnico1@zonelan.es: [GLPI #0028871] Ministerio de Educación > Ceuta > 110 CEIP Santiago Ramón y Cajal | Clausura de la petición - Incidencia Equipamiento
2024-11-12 11:40:15 [100111@PC140-08]
Se ha añadido a la cola un correo para tecnico2@zonelan.es: [GLPI #0028871] Ministerio de Educación > Ceuta > 110 CEIP Santiago Ramón y Cajal | Clausura de la petición - Incidencia Equipamiento
2024-11-12 11:40:15 [100111@PC140-08]
Se ha añadido a la cola un correo para tecnico3@zonelan.es: [GLPI #0028871] Ministerio de Educación > Ceuta > 110 CEIP Santiago Ramón y Cajal | Clausura de la petición - Incidencia Equipamiento
2024-11-12 11:40:15 [100111@PC140-08]
Se ha añadido a la cola un correo para tecnico4@zonelan.es: [GLPI #0028871] Ministerio de Educación > Ceuta > 110 CEIP Santiago Ramón y Cajal | Clausura de la petición - Incidencia Equipamiento
2024-11-12 11:40:16 [100111@PC140-08]
Se ha añadido a la cola un correo para patricia.pozo@educeuta.es: [GLPI #0029109] Ministerio de Educación > Ceuta > 122 CEIP Ramón Ma del Valle Inclán | Clausura de la petición - Fallo en Panel Interactivo
2024-11-12 11:40:16 [100111@PC140-08]
Se ha añadido a la cola un correo para joseismael.rodriguez@educeuta.es: [GLPI #0029109] Ministerio de Educación > Ceuta > 122 CEIP Ramón Ma del Valle Inclán | Clausura de la petición - Fallo en Panel Interactivo
2024-11-12 11:40:16 [100111@PC140-08]
Se ha añadido a la cola un correo para nacho@zonelan.es: [GLPI #0029109] Ministerio de Educación > Ceuta > 122 CEIP Ramón Ma del Valle Inclán | Clausura de la petición - Fallo en Panel Interactivo
2024-11-12 11:40:16 [100111@PC140-08]
Se ha añadido a la cola un correo para tecnico1@zonelan.es: [GLPI #0029109] Ministerio de Educación > Ceuta > 122 CEIP Ramón Ma del Valle Inclán | Clausura de la petición - Fallo en Panel Interactivo
2024-11-12 11:40:16 [100111@PC140-08]
Se ha añadido a la cola un correo para tecnico2@zonelan.es: [GLPI #0029109] Ministerio de Educación > Ceuta > 122 CEIP Ramón Ma del Valle Inclán | Clausura de la petición - Fallo en Panel Interactivo
2024-11-12 11:40:16 [100111@PC140-08]
Se ha añadido a la cola un correo para tecnico3@zonelan.es: [GLPI #0029109] Ministerio de Educación > Ceuta > 122 CEIP Ramón Ma del Valle Inclán | Clausura de la petición - Fallo en Panel Interactivo
2024-11-12 11:40:16 [100111@PC140-08]
Se ha añadido a la cola un correo para tecnico4@zonelan.es: [GLPI #0029109] Ministerio de Educación > Ceuta > 122 CEIP Ramón Ma del Valle Inclán | Clausura de la petición - Fallo en Panel Interactivo
2024-11-12 11:40:16 [100111@PC140-08]
Se ha añadido a la cola un correo para isabel.morant@docenteceuta.educacion.gob.es: [GLPI #0028715] Ministerio de Educación > Ceuta > 106 CEIP Maestro Juan Morejón | Clausura de la petición - Incidencia Equipamiento
2024-11-12 11:40:17 [100111@PC140-08]
Se ha añadido a la cola un correo para joseismael.rodriguez@educeuta.es: [GLPI #0028715] Ministerio de Educación > Ceuta > 106 CEIP Maestro Juan Morejón | Clausura de la petición - Incidencia Equipamiento
2024-11-12 11:40:17 [100111@PC140-08]
Se ha añadido a la cola un correo para nacho@zonelan.es: [GLPI #0028715] Ministerio de Educación > Ceuta > 106 CEIP Maestro Juan Morejón | Clausura de la petición - Incidencia Equipamiento
2024-11-12 11:40:17 [100111@PC140-08]
Se ha añadido a la cola un correo para tecnico1@zonelan.es: [GLPI #0028715] Ministerio de Educación > Ceuta > 106 CEIP Maestro Juan Morejón | Clausura de la petición - Incidencia Equipamiento
2024-11-12 11:40:17 [100111@PC140-08]
Se ha añadido a la cola un correo para tecnico2@zonelan.es: [GLPI #0028715] Ministerio de Educación > Ceuta > 106 CEIP Maestro Juan Morejón | Clausura de la petición - Incidencia Equipamiento
2024-11-12 11:40:17 [100111@PC140-08]
Se ha añadido a la cola un correo para tecnico3@zonelan.es: [GLPI #0028715] Ministerio de Educación > Ceuta > 106 CEIP Maestro Juan Morejón | Clausura de la petición - Incidencia Equipamiento
2024-11-12 11:40:17 [100111@PC140-08]
Se ha añadido a la cola un correo para tecnico4@zonelan.es: [GLPI #0028715] Ministerio de Educación > Ceuta > 106 CEIP Maestro Juan Morejón | Clausura de la petición - Incidencia Equipamiento
2024-11-12 11:40:17 [100111@PC140-08]
Se ha añadido a la cola un correo para isabel.morant@docenteceuta.educacion.gob.es: [GLPI #0028850] Ministerio de Educación > Ceuta > 106 CEIP Maestro Juan Morejón | Clausura de la petición - FENICIA > Gestión académica
2024-11-12 11:40:17 [100111@PC140-08]
Se ha añadido a la cola un correo para cau.fenicia@ayesa.com: [GLPI #0028850] Ministerio de Educación > Ceuta > 106 CEIP Maestro Juan Morejón | Clausura de la petición - FENICIA > Gestión académica
2024-11-12 11:40:17 [100111@PC140-08]
Se ha añadido a la cola un correo para soporte.fenicia@educacion.gob.es: [GLPI #0028850] Ministerio de Educación > Ceuta > 106 CEIP Maestro Juan Morejón | Clausura de la petición - FENICIA > Gestión académica
2024-11-12 11:40:17 [100111@PC140-08]
Se ha añadido a la cola un correo para sergio.gonzalezm@ceuta.educacion.gob.es: [GLPI #0028850] Ministerio de Educación > Ceuta > 106 CEIP Maestro Juan Morejón | Clausura de la petición - FENICIA > Gestión académica
2024-11-12 11:40:17 [100111@PC140-08]
Se ha añadido a la cola un correo para carlos.merino@ceuta.educacion.gob.es: [GLPI #0028850] Ministerio de Educación > Ceuta > 106 CEIP Maestro Juan Morejón | Clausura de la petición - FENICIA > Gestión académica
2024-11-12 11:40:18 [100111@PC140-08]
Se ha añadido a la cola un correo para isabel.morant@docenteceuta.educacion.gob.es: [GLPI #0028979] Ministerio de Educación > Ceuta > 106 CEIP Maestro Juan Morejón | Clausura de la petición - Fallo conexión WIFI
2024-11-12 11:40:18 [100111@PC140-08]
Se ha añadido a la cola un correo para carlos.merino@ceuta.educacion.gob.es: [GLPI #0028979] Ministerio de Educación > Ceuta > 106 CEIP Maestro Juan Morejón | Clausura de la petición - Fallo conexión WIFI
2024-11-12 11:40:18 [100111@PC140-08]
Se ha añadido a la cola un correo para joseantonio.bernal@ceuta.educacion.gob.es: [GLPI #0028979] Ministerio de Educación > Ceuta > 106 CEIP Maestro Juan Morejón | Clausura de la petición - Fallo conexión WIFI
2024-11-12 11:40:18 [100111@PC140-08]
Se ha añadido a la cola un correo para antonio.vazquez.externo@docenteceuta.educacion.gob.es: [GLPI #0028979] Ministerio de Educación > Ceuta > 106 CEIP Maestro Juan Morejón | Clausura de la petición - Fallo conexión WIFI
2024-11-12 11:40:18 [100111@PC140-08]
Se ha añadido a la cola un correo para isabel.morant@docenteceuta.educacion.gob.es: [GLPI #0029029] Ministerio de Educación > Ceuta > 106 CEIP Maestro Juan Morejón | Clausura de la petición - FENICIA > Gestión académica
2024-11-12 11:40:18 [100111@PC140-08]
Se ha añadido a la cola un correo para sergio.gonzalezm@ceuta.educacion.gob.es: [GLPI #0029029] Ministerio de Educación > Ceuta > 106 CEIP Maestro Juan Morejón | Clausura de la petición - FENICIA > Gestión académica
2024-11-12 11:40:18 [100111@PC140-08]
Se ha añadido a la cola un correo para carlos.merino@ceuta.educacion.gob.es: [GLPI #0029029] Ministerio de Educación > Ceuta > 106 CEIP Maestro Juan Morejón | Clausura de la petición - FENICIA > Gestión académica
2024-11-12 11:40:19 [100111@PC140-08]
Se ha añadido a la cola un correo para cau.fenicia@ayesa.com: [GLPI #0029029] Ministerio de Educación > Ceuta > 106 CEIP Maestro Juan Morejón | Clausura de la petición - FENICIA > Gestión académica
2024-11-12 11:40:19 [100111@PC140-08]
Se ha añadido a la cola un correo para isabel.morant@docenteceuta.educacion.gob.es: [GLPI #0029055] Ministerio de Educación > Ceuta > 106 CEIP Maestro Juan Morejón | Clausura de la petición - Incidencia Equipamiento
2024-11-12 11:40:19 [100111@PC140-08]
Se ha añadido a la cola un correo para joseismael.rodriguez@educeuta.es: [GLPI #0029055] Ministerio de Educación > Ceuta > 106 CEIP Maestro Juan Morejón | Clausura de la petición - Incidencia Equipamiento
2024-11-12 11:40:19 [100111@PC140-08]
Se ha añadido a la cola un correo para nacho@zonelan.es: [GLPI #0029055] Ministerio de Educación > Ceuta > 106 CEIP Maestro Juan Morejón | Clausura de la petición - Incidencia Equipamiento
2024-11-12 11:40:19 [100111@PC140-08]
Se ha añadido a la cola un correo para tecnico1@zonelan.es: [GLPI #0029055] Ministerio de Educación > Ceuta > 106 CEIP Maestro Juan Morejón | Clausura de la petición - Incidencia Equipamiento
2024-11-12 11:40:19 [100111@PC140-08]
Se ha añadido a la cola un correo para tecnico2@zonelan.es: [GLPI #0029055] Ministerio de Educación > Ceuta > 106 CEIP Maestro Juan Morejón | Clausura de la petición - Incidencia Equipamiento
2024-11-12 11:40:19 [100111@PC140-08]
Se ha añadido a la cola un correo para tecnico3@zonelan.es: [GLPI #0029055] Ministerio de Educación > Ceuta > 106 CEIP Maestro Juan Morejón | Clausura de la petición - Incidencia Equipamiento
2024-11-12 11:40:19 [100111@PC140-08]
Se ha añadido a la cola un correo para tecnico4@zonelan.es: [GLPI #0029055] Ministerio de Educación > Ceuta > 106 CEIP Maestro Juan Morejón | Clausura de la petición - Incidencia Equipamiento
2024-11-12 11:40:20 [100111@PC140-08]
Se ha añadido a la cola un correo para diego.villatoro@educeuta.es: [GLPI #0029019] Ministerio de Educación > Ceuta > 105 CEIP Maestro Jose Acosta | Clausura de la petición - Fallo en Panel Interactivo
2024-11-12 11:40:20 [100111@PC140-08]
Se ha añadido a la cola un correo para carlos.merino@ceuta.educacion.gob.es: [GLPI #0029019] Ministerio de Educación > Ceuta > 105 CEIP Maestro Jose Acosta | Clausura de la petición - Fallo en Panel Interactivo
2024-11-12 11:40:20 [100111@PC140-08]
Se ha añadido a la cola un correo para diego.villatoro@educeuta.es: [GLPI #0029136] Ministerio de Educación > Ceuta > 105 CEIP Maestro Jose Acosta | Clausura de la petición - Incidencia Equipamiento
2024-11-12 11:40:20 [100111@PC140-08]
Se ha añadido a la cola un correo para joseantonio.bernal@ceuta.educacion.gob.es: [GLPI #0029136] Ministerio de Educación > Ceuta > 105 CEIP Maestro Jose Acosta | Clausura de la petición - Incidencia Equipamiento
2024-11-12 11:40:20 [100111@PC140-08]
Se ha añadido a la cola un correo para antonio.vazquez.externo@docenteceuta.educacion.gob.es: [GLPI #0029136] Ministerio de Educación > Ceuta > 105 CEIP Maestro Jose Acosta | Clausura de la petición - Incidencia Equipamiento
2024-11-12 11:40:20 [100111@PC140-08]
Se ha añadido a la cola un correo para antonio.vazquez.externo@docenteceuta.educacion.gob.es: [GLPI #0029180] Ministerio de Educación > Ceuta > 105 CEIP Maestro Jose Acosta | Clausura de la petición - Solicitud asistencia/asesoramiento
2024-11-12 11:40:21 [100111@PC140-08]
Se ha añadido a la cola un correo para ceip.joseacosta@educeuta.es: [GLPI #0029180] Ministerio de Educación > Ceuta > 105 CEIP Maestro Jose Acosta | Clausura de la petición - Solicitud asistencia/asesoramiento
2024-11-12 11:40:21 [100111@PC140-08]
Se ha añadido a la cola un correo para joseantonio.bernal@ceuta.educacion.gob.es: [GLPI #0029180] Ministerio de Educación > Ceuta > 105 CEIP Maestro Jose Acosta | Clausura de la petición - Solicitud asistencia/asesoramiento
2024-11-12 11:40:21 [100111@PC140-08]
Se ha añadido a la cola un correo para carlos.merino@ceuta.educacion.gob.es: [GLPI #0029180] Ministerio de Educación > Ceuta > 105 CEIP Maestro Jose Acosta | Clausura de la petición - Solicitud asistencia/asesoramiento
2024-11-12 11:40:21 [100111@PC140-08]
Se ha añadido a la cola un correo para manuelangel.martin@educeuta.es: [GLPI #0029089] Ministerio de Educación > Ceuta > 137 IES Siete Colinas | Clausura de la petición - Alborán
2024-11-12 11:40:21 [100111@PC140-08]
Se ha añadido a la cola un correo para soporte.alboran@educacion.gob.es: [GLPI #0029089] Ministerio de Educación > Ceuta > 137 IES Siete Colinas | Clausura de la petición - Alborán
2024-11-12 11:40:21 [100111@PC140-08]
Se ha añadido a la cola un correo para sergio.gonzalezm@ceuta.educacion.gob.es: [GLPI #0029089] Ministerio de Educación > Ceuta > 137 IES Siete Colinas | Clausura de la petición - Alborán
2024-11-12 11:40:21 [100111@PC140-08]
Se ha añadido a la cola un correo para carlos.merino@ceuta.educacion.gob.es: [GLPI #0029089] Ministerio de Educación > Ceuta > 137 IES Siete Colinas | Clausura de la petición - Alborán
2024-11-12 11:40:21 [100111@PC140-08]
Se ha añadido a la cola un correo para sgrande@ayesa.com: [GLPI #0029089] Ministerio de Educación > Ceuta > 137 IES Siete Colinas | Clausura de la petición - Alborán
2024-11-12 11:40:22 [100111@PC140-08]
Se ha añadido a la cola un correo para aquiros@ayesa.com: [GLPI #0029089] Ministerio de Educación > Ceuta > 137 IES Siete Colinas | Clausura de la petición - Alborán
2024-11-12 11:40:22 [100111@PC140-08]
Se ha añadido a la cola un correo para rcouto@ayesa.com: [GLPI #0029089] Ministerio de Educación > Ceuta > 137 IES Siete Colinas | Clausura de la petición - Alborán
2024-11-12 11:40:22 [100111@PC140-08]
Se ha añadido a la cola un correo para jesusmaria.dequevedo@educacion.gob.es: [GLPI #0029089] Ministerio de Educación > Ceuta > 137 IES Siete Colinas | Clausura de la petición - Alborán
2024-11-12 11:40:22 [100111@PC140-08]
Se ha añadido a la cola un correo para ies.sietecolinas@educeuta.es: [GLPI #0029091] Ministerio de Educación > Ceuta > 137 IES Siete Colinas | Clausura de la petición - Alborán
2024-11-12 11:40:22 [100111@PC140-08]
Se ha añadido a la cola un correo para soporte.alboran@educacion.gob.es: [GLPI #0029091] Ministerio de Educación > Ceuta > 137 IES Siete Colinas | Clausura de la petición - Alborán
2024-11-12 11:40:22 [100111@PC140-08]
Se ha añadido a la cola un correo para sergio.gonzalezm@ceuta.educacion.gob.es: [GLPI #0029091] Ministerio de Educación > Ceuta > 137 IES Siete Colinas | Clausura de la petición - Alborán
2024-11-12 11:40:22 [100111@PC140-08]
Se ha añadido a la cola un correo para carlos.merino@ceuta.educacion.gob.es: [GLPI #0029091] Ministerio de Educación > Ceuta > 137 IES Siete Colinas | Clausura de la petición - Alborán
2024-11-12 11:40:22 [100111@PC140-08]
Se ha añadido a la cola un correo para sgrande@ayesa.com: [GLPI #0029091] Ministerio de Educación > Ceuta > 137 IES Siete Colinas | Clausura de la petición - Alborán
2024-11-12 11:40:22 [100111@PC140-08]
Se ha añadido a la cola un correo para aquiros@ayesa.com: [GLPI #0029091] Ministerio de Educación > Ceuta > 137 IES Siete Colinas | Clausura de la petición - Alborán
2024-11-12 11:40:22 [100111@PC140-08]
Se ha añadido a la cola un correo para rcouto@ayesa.com: [GLPI #0029091] Ministerio de Educación > Ceuta > 137 IES Siete Colinas | Clausura de la petición - Alborán
2024-11-12 11:40:23 [100111@PC140-08]
Se ha añadido a la cola un correo para jesusmaria.dequevedo@educacion.gob.es: [GLPI #0029091] Ministerio de Educación > Ceuta > 137 IES Siete Colinas | Clausura de la petición - Alborán
2024-11-12 11:40:23 [100111@PC140-08]
Se ha añadido a la cola un correo para pedro.molero@educacion.gob.es: [GLPI #0029091] Ministerio de Educación > Ceuta > 137 IES Siete Colinas | Clausura de la petición - Alborán
2024-11-12 11:40:23 [100111@PC140-08]
Se ha añadido a la cola un correo para angelfrancisco.villoria@educeuta.es: [GLPI #0029119] Ministerio de Educación > Ceuta > 133 IES Almina | Clausura de la petición - Fallo conexión WIFI
2024-11-12 11:40:23 [100111@PC140-08]
Se ha añadido a la cola un correo para carlos.merino@ceuta.educacion.gob.es: [GLPI #0029119] Ministerio de Educación > Ceuta > 133 IES Almina | Clausura de la petición - Fallo conexión WIFI
2024-11-12 11:40:23 [100111@PC140-08]
Se ha añadido a la cola un correo para joseantonio.bernal@ceuta.educacion.gob.es: [GLPI #0029119] Ministerio de Educación > Ceuta > 133 IES Almina | Clausura de la petición - Fallo conexión WIFI
2024-11-12 11:40:23 [100111@PC140-08]
Se ha añadido a la cola un correo para antonio.vazquez.externo@docenteceuta.educacion.gob.es: [GLPI #0029119] Ministerio de Educación > Ceuta > 133 IES Almina | Clausura de la petición - Fallo conexión WIFI
2024-11-12 11:40:23 [100111@PC140-08]
Se ha añadido a la cola un correo para alejandro.marcote@educeuta.es: [GLPI #0028767] Ministerio de Educación > Ceuta > 136 IES Puertas del Campo | Clausura de la petición - Solicitud asistencia/asesoramiento
2024-11-12 11:40:24 [100111@PC140-08]
Se ha añadido a la cola un correo para ies.puertasdelcampo@educeuta.es: [GLPI #0028767] Ministerio de Educación > Ceuta > 136 IES Puertas del Campo | Clausura de la petición - Solicitud asistencia/asesoramiento
2024-11-12 11:40:24 [100111@PC140-08]
Se ha añadido a la cola un correo para carlos.merino@ceuta.educacion.gob.es: [GLPI #0028767] Ministerio de Educación > Ceuta > 136 IES Puertas del Campo | Clausura de la petición - Solicitud asistencia/asesoramiento
2024-11-12 11:40:24 [100111@PC140-08]
Se ha añadido a la cola un correo para ceip.principefelipe@educeuta.es: [GLPI #0029069] Ministerio de Educación > Ceuta > 121 CEIP Principe Felipe | Clausura de la petición - Solicitud asistencia/asesoramiento
2024-11-12 11:40:24 [100111@PC140-08]
Se ha añadido a la cola un correo para joaquin.sanchez@docenteceuta.educacion.gob.es: [GLPI #0028819] Ministerio de Educación > Ceuta > 104 CEIP Jose Ortega y Gasset | Clausura de la petición - Fallo conexión WIFI
2024-11-12 11:40:24 [100111@PC140-08]
Se ha añadido a la cola un correo para joseantonio.bernal@ceuta.educacion.gob.es: [GLPI #0028819] Ministerio de Educación > Ceuta > 104 CEIP Jose Ortega y Gasset | Clausura de la petición - Fallo conexión WIFI
2024-11-12 11:40:25 [100111@PC140-08]
Se ha añadido a la cola un correo para antonio.vazquez.externo@docenteceuta.educacion.gob.es: [GLPI #0028819] Ministerio de Educación > Ceuta > 104 CEIP Jose Ortega y Gasset | Clausura de la petición - Fallo conexión WIFI
2024-11-12 11:40:25 [100111@PC140-08]
Se ha añadido a la cola un correo para carlos.merino@ceuta.educacion.gob.es: [GLPI #0028819] Ministerio de Educación > Ceuta > 104 CEIP Jose Ortega y Gasset | Clausura de la petición - Fallo conexión WIFI
2024-11-12 11:40:25 [100111@PC140-08]
Se ha añadido a la cola un correo para raul.chenard@docenteceuta.educacion.gob.es: [GLPI #0029142] Ministerio de Educación > Ceuta > 109 CEIP Rosalía de Castro | Clausura de la petición - Incidencia Equipamiento
2024-11-12 11:40:25 [100111@PC140-08]
Se ha añadido a la cola un correo para joseismael.rodriguez@educeuta.es: [GLPI #0029142] Ministerio de Educación > Ceuta > 109 CEIP Rosalía de Castro | Clausura de la petición - Incidencia Equipamiento
2024-11-12 11:40:25 [100111@PC140-08]
Se ha añadido a la cola un correo para nacho@zonelan.es: [GLPI #0029142] Ministerio de Educación > Ceuta > 109 CEIP Rosalía de Castro | Clausura de la petición - Incidencia Equipamiento
2024-11-12 11:40:25 [100111@PC140-08]
Se ha añadido a la cola un correo para tecnico1@zonelan.es: [GLPI #0029142] Ministerio de Educación > Ceuta > 109 CEIP Rosalía de Castro | Clausura de la petición - Incidencia Equipamiento
2024-11-12 11:40:25 [100111@PC140-08]
Se ha añadido a la cola un correo para tecnico2@zonelan.es: [GLPI #0029142] Ministerio de Educación > Ceuta > 109 CEIP Rosalía de Castro | Clausura de la petición - Incidencia Equipamiento
2024-11-12 11:40:25 [100111@PC140-08]
Se ha añadido a la cola un correo para tecnico3@zonelan.es: [GLPI #0029142] Ministerio de Educación > Ceuta > 109 CEIP Rosalía de Castro | Clausura de la petición - Incidencia Equipamiento
2024-11-12 11:40:25 [100111@PC140-08]
Se ha añadido a la cola un correo para tecnico4@zonelan.es: [GLPI #0029142] Ministerio de Educación > Ceuta > 109 CEIP Rosalía de Castro | Clausura de la petición - Incidencia Equipamiento
2024-11-12 11:40:26 [100111@PC140-08]
Se ha añadido a la cola un correo para carlos.merino@ceuta.educacion.gob.es: [GLPI #0029121] Ministerio de Educación > Ceuta > 111 C.C. Beatriz de Silva | Clausura de la petición - Teams/Correo
2024-11-12 11:40:26 [100111@PC140-08]
Se ha añadido a la cola un correo para cde.beatrizdesilva@educeuta.es: [GLPI #0029121] Ministerio de Educación > Ceuta > 111 C.C. Beatriz de Silva | Clausura de la petición - Teams/Correo
2024-11-12 11:40:26 [100111@PC140-08]
Se ha añadido a la cola un correo para cc.beatrizdesilva@educeuta.es: [GLPI #0029121] Ministerio de Educación > Ceuta > 111 C.C. Beatriz de Silva | Clausura de la petición - Teams/Correo
2024-11-12 11:40:26 [100111@PC140-08]
Se ha añadido a la cola un correo para vicente.fernandez@docenteceuta.educacion.gob.es: [GLPI #0026797] Ministerio de Educación > Ceuta > 108 CEIP Rey Juan Carlos I | Clausura de la petición - Incidencia Equipamiento
2024-11-12 11:40:26 [100111@PC140-08]
Se ha añadido a la cola un correo para joseantonio.bernal@ceuta.educacion.gob.es: [GLPI #0026797] Ministerio de Educación > Ceuta > 108 CEIP Rey Juan Carlos I | Clausura de la petición - Incidencia Equipamiento
2024-11-12 11:40:26 [100111@PC140-08]
Se ha añadido a la cola un correo para antonio.vazquez.externo@docenteceuta.educacion.gob.es: [GLPI #0026797] Ministerio de Educación > Ceuta > 108 CEIP Rey Juan Carlos I | Clausura de la petición - Incidencia Equipamiento
2024-11-12 11:40:26 [100111@PC140-08]
Se ha añadido a la cola un correo para carlos.merino@ceuta.educacion.gob.es: [GLPI #0026797] Ministerio de Educación > Ceuta > 108 CEIP Rey Juan Carlos I | Clausura de la petición - Incidencia Equipamiento
2024-11-12 11:40:27 [100111@PC140-08]
Se ha añadido a la cola un correo para joseismael.rodriguez@educeuta.es: [GLPI #0026797] Ministerio de Educación > Ceuta > 108 CEIP Rey Juan Carlos I | Clausura de la petición - Incidencia Equipamiento
2024-11-12 11:40:27 [100111@PC140-08]
Se ha añadido a la cola un correo para diegojavier.mendoza@educeuta.es: [GLPI #0028755] Ministerio de Educación > Ceuta > 102 CEPA Miguel Hernández | Clausura de la petición - Garantía
2024-11-12 11:40:27 [100111@PC140-08]
Se ha añadido a la cola un correo para joseismael.rodriguez@educeuta.es: [GLPI #0028755] Ministerio de Educación > Ceuta > 102 CEPA Miguel Hernández | Clausura de la petición - Garantía
2024-11-12 11:40:27 [100111@PC140-08]
Se ha añadido a la cola un correo para nacho@zonelan.es: [GLPI #0028755] Ministerio de Educación > Ceuta > 102 CEPA Miguel Hernández | Clausura de la petición - Garantía
2024-11-12 11:40:27 [100111@PC140-08]
Se ha añadido a la cola un correo para tecnico1@zonelan.es: [GLPI #0028755] Ministerio de Educación > Ceuta > 102 CEPA Miguel Hernández | Clausura de la petición - Garantía
2024-11-12 11:40:27 [100111@PC140-08]
Se ha añadido a la cola un correo para tecnico2@zonelan.es: [GLPI #0028755] Ministerio de Educación > Ceuta > 102 CEPA Miguel Hernández | Clausura de la petición - Garantía
2024-11-12 11:40:27 [100111@PC140-08]
Se ha añadido a la cola un correo para tecnico3@zonelan.es: [GLPI #0028755] Ministerio de Educación > Ceuta > 102 CEPA Miguel Hernández | Clausura de la petición - Garantía
2024-11-12 11:40:27 [100111@PC140-08]
Se ha añadido a la cola un correo para tecnico4@zonelan.es: [GLPI #0028755] Ministerio de Educación > Ceuta > 102 CEPA Miguel Hernández | Clausura de la petición - Garantía
2024-11-12 11:40:28 [100111@PC140-08]
Se ha añadido a la cola un correo para cepa.miguelhernandez@educeuta.es: [GLPI #0028998] Ministerio de Educación > Ceuta > 102 CEPA Miguel Hernández | Clausura de la petición - Incidencia Equipamiento
2024-11-12 11:40:28 [100111@PC140-08]
Se ha añadido a la cola un correo para joseismael.rodriguez@educeuta.es: [GLPI #0028998] Ministerio de Educación > Ceuta > 102 CEPA Miguel Hernández | Clausura de la petición - Incidencia Equipamiento
2024-11-12 11:40:28 [100111@PC140-08]
Se ha añadido a la cola un correo para nacho@zonelan.es: [GLPI #0028998] Ministerio de Educación > Ceuta > 102 CEPA Miguel Hernández | Clausura de la petición - Incidencia Equipamiento
2024-11-12 11:40:28 [100111@PC140-08]
Se ha añadido a la cola un correo para tecnico1@zonelan.es: [GLPI #0028998] Ministerio de Educación > Ceuta > 102 CEPA Miguel Hernández | Clausura de la petición - Incidencia Equipamiento
2024-11-12 11:40:28 [100111@PC140-08]
Se ha añadido a la cola un correo para tecnico2@zonelan.es: [GLPI #0028998] Ministerio de Educación > Ceuta > 102 CEPA Miguel Hernández | Clausura de la petición - Incidencia Equipamiento
2024-11-12 11:40:28 [100111@PC140-08]
Se ha añadido a la cola un correo para tecnico3@zonelan.es: [GLPI #0028998] Ministerio de Educación > Ceuta > 102 CEPA Miguel Hernández | Clausura de la petición - Incidencia Equipamiento
2024-11-12 11:40:28 [100111@PC140-08]
Se ha añadido a la cola un correo para tecnico4@zonelan.es: [GLPI #0028998] Ministerio de Educación > Ceuta > 102 CEPA Miguel Hernández | Clausura de la petición - Incidencia Equipamiento
2024-11-12 11:40:28 [100111@PC140-08]
Se ha añadido a la cola un correo para diegojavier.mendoza@educeuta.es: [GLPI #0029054] Ministerio de Educación > Ceuta > 102 CEPA Miguel Hernández | Clausura de la petición - Inventario Equipamiento
2024-11-12 11:40:28 [100111@PC140-08]
Se ha añadido a la cola un correo para joseismael.rodriguez@educeuta.es: [GLPI #0029054] Ministerio de Educación > Ceuta > 102 CEPA Miguel Hernández | Clausura de la petición - Inventario Equipamiento
2024-11-12 11:40:28 [100111@PC140-08]
Se ha añadido a la cola un correo para nacho@zonelan.es: [GLPI #0029054] Ministerio de Educación > Ceuta > 102 CEPA Miguel Hernández | Clausura de la petición - Inventario Equipamiento
2024-11-12 11:40:29 [100111@PC140-08]
Se ha añadido a la cola un correo para tecnico1@zonelan.es: [GLPI #0029054] Ministerio de Educación > Ceuta > 102 CEPA Miguel Hernández | Clausura de la petición - Inventario Equipamiento
2024-11-12 11:40:29 [100111@PC140-08]
Se ha añadido a la cola un correo para tecnico2@zonelan.es: [GLPI #0029054] Ministerio de Educación > Ceuta > 102 CEPA Miguel Hernández | Clausura de la petición - Inventario Equipamiento
2024-11-12 11:40:29 [100111@PC140-08]
Se ha añadido a la cola un correo para tecnico3@zonelan.es: [GLPI #0029054] Ministerio de Educación > Ceuta > 102 CEPA Miguel Hernández | Clausura de la petición - Inventario Equipamiento
2024-11-12 11:40:29 [100111@PC140-08]
Se ha añadido a la cola un correo para tecnico4@zonelan.es: [GLPI #0029054] Ministerio de Educación > Ceuta > 102 CEPA Miguel Hernández | Clausura de la petición - Inventario Equipamiento
2024-11-12 11:40:29 [100111@PC140-08]
Se ha añadido a la cola un correo para beatriz.villar@docenteceuta.educacion.gob.es: [GLPI #0028917] Ministerio de Educación > Ceuta > 135 IES Luis de Camoens | Clausura de la petición - Incidencia Moodle SED
2024-11-12 11:40:29 [100111@PC140-08]
Se ha añadido a la cola un correo para sergio.gonzalezm@ceuta.educacion.gob.es: [GLPI #0028917] Ministerio de Educación > Ceuta > 135 IES Luis de Camoens | Clausura de la petición - Incidencia Moodle SED
2024-11-12 11:40:29 [100111@PC140-08]
Se ha añadido a la cola un correo para beatriz.villar@docenteceuta.educacion.gob.es: [GLPI #0029009] Ministerio de Educación > Ceuta > 135 IES Luis de Camoens | Clausura de la petición - Incidencia Moodle SED
2024-11-12 11:40:30 [100111@PC140-08]
Se ha añadido a la cola un correo para sergio.gonzalezm@ceuta.educacion.gob.es: [GLPI #0029009] Ministerio de Educación > Ceuta > 135 IES Luis de Camoens | Clausura de la petición - Incidencia Moodle SED
2024-11-12 11:40:30 [100111@PC140-08]
Se ha añadido a la cola un correo para beatriz.villar@docenteceuta.educacion.gob.es: [GLPI #0029025] Ministerio de Educación > Ceuta > 135 IES Luis de Camoens | Clausura de la petición - Alborán
2024-11-12 11:40:30 [100111@PC140-08]
Se ha añadido a la cola un correo para sergio.gonzalezm@ceuta.educacion.gob.es: [GLPI #0029025] Ministerio de Educación > Ceuta > 135 IES Luis de Camoens | Clausura de la petición - Alborán
2024-11-12 11:40:30 [100111@PC140-08]
Se ha añadido a la cola un correo para carlos.merino@ceuta.educacion.gob.es: [GLPI #0029025] Ministerio de Educación > Ceuta > 135 IES Luis de Camoens | Clausura de la petición - Alborán
2024-11-12 11:40:30 [100111@PC140-08]
Se ha añadido a la cola un correo para beatriz.villar@docenteceuta.educacion.gob.es: [GLPI #0029028] Ministerio de Educación > Ceuta > 135 IES Luis de Camoens | Clausura de la petición - Incidencia Moodle SED
2024-11-12 11:40:31 [100111@PC140-08]
Se ha añadido a la cola un correo para anaisabel.lopez@educacion.gob.es: [GLPI #0029028] Ministerio de Educación > Ceuta > 135 IES Luis de Camoens | Clausura de la petición - Incidencia Moodle SED
2024-11-12 11:40:31 [100111@PC140-08]
Se ha añadido a la cola un correo para sed@educacion.gob.es: [GLPI #0029028] Ministerio de Educación > Ceuta > 135 IES Luis de Camoens | Clausura de la petición - Incidencia Moodle SED
2024-11-12 11:40:31 [100111@PC140-08]
Se ha añadido a la cola un correo para cesar.carrero@educacion.gob.es: [GLPI #0029028] Ministerio de Educación > Ceuta > 135 IES Luis de Camoens | Clausura de la petición - Incidencia Moodle SED
2024-11-12 11:40:31 [100111@PC140-08]
Se ha añadido a la cola un correo para sergio.gonzalezm@ceuta.educacion.gob.es: [GLPI #0029028] Ministerio de Educación > Ceuta > 135 IES Luis de Camoens | Clausura de la petición - Incidencia Moodle SED
2024-11-12 11:40:31 [100111@PC140-08]
Se ha añadido a la cola un correo para carlos.merino@ceuta.educacion.gob.es: [GLPI #0029028] Ministerio de Educación > Ceuta > 135 IES Luis de Camoens | Clausura de la petición - Incidencia Moodle SED
2024-11-12 11:40:31 [100111@PC140-08]
Se ha añadido a la cola un correo para pedro.molero@educacion.gob.es: [GLPI #0029028] Ministerio de Educación > Ceuta > 135 IES Luis de Camoens | Clausura de la petición - Incidencia Moodle SED
2024-11-12 11:40:31 [100111@PC140-08]
Se ha añadido a la cola un correo para beatriz.villar@docenteceuta.educacion.gob.es: [GLPI #0029062] Ministerio de Educación > Ceuta > 135 IES Luis de Camoens | Clausura de la petición - Incidencia Moodle SED
2024-11-12 11:40:31 [100111@PC140-08]
Se ha añadido a la cola un correo para anaisabel.lopez@educacion.gob.es: [GLPI #0029062] Ministerio de Educación > Ceuta > 135 IES Luis de Camoens | Clausura de la petición - Incidencia Moodle SED
2024-11-12 11:40:31 [100111@PC140-08]
Se ha añadido a la cola un correo para sed@educacion.gob.es: [GLPI #0029062] Ministerio de Educación > Ceuta > 135 IES Luis de Camoens | Clausura de la petición - Incidencia Moodle SED
2024-11-12 11:40:31 [100111@PC140-08]
Se ha añadido a la cola un correo para cesar.carrero@educacion.gob.es: [GLPI #0029062] Ministerio de Educación > Ceuta > 135 IES Luis de Camoens | Clausura de la petición - Incidencia Moodle SED
2024-11-12 11:40:31 [100111@PC140-08]
Se ha añadido a la cola un correo para sergio.gonzalezm@ceuta.educacion.gob.es: [GLPI #0029062] Ministerio de Educación > Ceuta > 135 IES Luis de Camoens | Clausura de la petición - Incidencia Moodle SED
2024-11-12 11:40:32 [100111@PC140-08]
Se ha añadido a la cola un correo para patricio.gutierrez@educeuta.es: [GLPI #0028980] Ministerio de Educación > Ceuta > 132 E.O. Idiomas | Clausura de la petición - Incidencia Equipamiento
2024-11-12 11:40:32 [100111@PC140-08]
Se ha añadido a la cola un correo para joseismael.rodriguez@educeuta.es: [GLPI #0028980] Ministerio de Educación > Ceuta > 132 E.O. Idiomas | Clausura de la petición - Incidencia Equipamiento
2024-11-12 11:40:32 [100111@PC140-08]
Se ha añadido a la cola un correo para nacho@zonelan.es: [GLPI #0028980] Ministerio de Educación > Ceuta > 132 E.O. Idiomas | Clausura de la petición - Incidencia Equipamiento
2024-11-12 11:40:32 [100111@PC140-08]
Se ha añadido a la cola un correo para tecnico1@zonelan.es: [GLPI #0028980] Ministerio de Educación > Ceuta > 132 E.O. Idiomas | Clausura de la petición - Incidencia Equipamiento
2024-11-12 11:40:32 [100111@PC140-08]
Se ha añadido a la cola un correo para tecnico2@zonelan.es: [GLPI #0028980] Ministerio de Educación > Ceuta > 132 E.O. Idiomas | Clausura de la petición - Incidencia Equipamiento
2024-11-12 11:40:32 [100111@PC140-08]
Se ha añadido a la cola un correo para tecnico3@zonelan.es: [GLPI #0028980] Ministerio de Educación > Ceuta > 132 E.O. Idiomas | Clausura de la petición - Incidencia Equipamiento
2024-11-12 11:40:32 [100111@PC140-08]
Se ha añadido a la cola un correo para tecnico4@zonelan.es: [GLPI #0028980] Ministerio de Educación > Ceuta > 132 E.O. Idiomas | Clausura de la petición - Incidencia Equipamiento
2024-11-12 11:40:33 [100111@PC140-08]
Se ha añadido a la cola un correo para ies.claracampoamor@educeuta.es: [GLPI #0028692] Ministerio de Educación > Ceuta > 134 IES Clara Campoamor | Clausura de la petición - Incidencia acceso Internet
2024-11-12 11:40:33 [100111@PC140-08]
Se ha añadido a la cola un correo para carlos.merino@ceuta.educacion.gob.es: [GLPI #0028692] Ministerio de Educación > Ceuta > 134 IES Clara Campoamor | Clausura de la petición - Incidencia acceso Internet
2024-11-12 11:40:33 [100111@PC140-08]
Se ha añadido a la cola un correo para joseismael.rodriguez@educeuta.es: [GLPI #0028692] Ministerio de Educación > Ceuta > 134 IES Clara Campoamor | Clausura de la petición - Incidencia acceso Internet
2024-11-12 11:40:33 [100111@PC140-08]
Se ha añadido a la cola un correo para nacho@zonelan.es: [GLPI #0028692] Ministerio de Educación > Ceuta > 134 IES Clara Campoamor | Clausura de la petición - Incidencia acceso Internet
2024-11-12 11:40:33 [100111@PC140-08]
Se ha añadido a la cola un correo para tecnico1@zonelan.es: [GLPI #0028692] Ministerio de Educación > Ceuta > 134 IES Clara Campoamor | Clausura de la petición - Incidencia acceso Internet
2024-11-12 11:40:33 [100111@PC140-08]
Se ha añadido a la cola un correo para tecnico2@zonelan.es: [GLPI #0028692] Ministerio de Educación > Ceuta > 134 IES Clara Campoamor | Clausura de la petición - Incidencia acceso Internet
2024-11-12 11:40:33 [100111@PC140-08]
Se ha añadido a la cola un correo para tecnico3@zonelan.es: [GLPI #0028692] Ministerio de Educación > Ceuta > 134 IES Clara Campoamor | Clausura de la petición - Incidencia acceso Internet
2024-11-12 11:40:33 [100111@PC140-08]
Se ha añadido a la cola un correo para tecnico4@zonelan.es: [GLPI #0028692] Ministerio de Educación > Ceuta > 134 IES Clara Campoamor | Clausura de la petición - Incidencia acceso Internet
2024-11-12 11:40:33 [100111@PC140-08]
Se ha añadido a la cola un correo para antonio.vazquez.externo@docenteceuta.educacion.gob.es: [GLPI #0028692] Ministerio de Educación > Ceuta > 134 IES Clara Campoamor | Clausura de la petición - Incidencia acceso Internet
2024-11-12 11:40:33 [100111@PC140-08]
Se ha añadido a la cola un correo para carlos.merino@ceuta.educacion.gob.es: [GLPI #0029122] Ministerio de Educación > Ceuta > 134 IES Clara Campoamor | Clausura de la petición - Teams/Correo
2024-11-12 11:40:33 [100111@PC140-08]
Se ha añadido a la cola un correo para joaquin.ponce@docenteceuta.educacion.gob.es: [GLPI #0029122] Ministerio de Educación > Ceuta > 134 IES Clara Campoamor | Clausura de la petición - Teams/Correo
2024-11-12 11:40:34 [100111@PC140-08]
Se ha añadido a la cola un correo para ies.claracampoamor@educeuta.es: [GLPI #0029122] Ministerio de Educación > Ceuta > 134 IES Clara Campoamor | Clausura de la petición - Teams/Correo
2024-11-12 11:40:34 [100111@PC140-08]
Se ha añadido a la cola un correo para alvaro.martin@educeuta.es: [GLPI #0029021] Ministerio de Educación > Ceuta > 107 CEIP Ciudad de Ceuta | Clausura de la petición - Inventario Equipamiento
2024-11-12 11:40:34 [100111@PC140-08]
Se ha añadido a la cola un correo para joseantonio.bernal@ceuta.educacion.gob.es: [GLPI #0029021] Ministerio de Educación > Ceuta > 107 CEIP Ciudad de Ceuta | Clausura de la petición - Inventario Equipamiento
2024-11-12 11:40:34 [100111@PC140-08]
Se ha añadido a la cola un correo para antonio.vazquez.externo@docenteceuta.educacion.gob.es: [GLPI #0029021] Ministerio de Educación > Ceuta > 107 CEIP Ciudad de Ceuta | Clausura de la petición - Inventario Equipamiento
2024-11-12 11:40:34 [100111@PC140-08]
Se ha añadido a la cola un correo para carlos.merino@ceuta.educacion.gob.es: [GLPI #0029021] Ministerio de Educación > Ceuta > 107 CEIP Ciudad de Ceuta | Clausura de la petición - Inventario Equipamiento
2024-11-12 11:40:34 [100111@PC140-08]
Se ha añadido a la cola un correo para rocio.bueno@educeuta.es: [GLPI #0028629] Ministerio de Educación > Ceuta > 138 Escuela de Arte | Clausura de la petición - Incidencia Moodle SED
2024-11-12 11:40:35 [100111@PC140-08]
Se ha añadido a la cola un correo para sergio.gonzalezm@ceuta.educacion.gob.es: [GLPI #0028629] Ministerio de Educación > Ceuta > 138 Escuela de Arte | Clausura de la petición - Incidencia Moodle SED
2024-11-12 11:40:35 [100111@PC140-08]
Se ha añadido a la cola un correo para escuela.arte@educeuta.es: [GLPI #0028913] Ministerio de Educación > Ceuta > 138 Escuela de Arte | Clausura de la petición - Incidencia Moodle SED
2024-11-12 11:40:35 [100111@PC140-08]
Se ha añadido a la cola un correo para anaisabel.lopez@educacion.gob.es: [GLPI #0028913] Ministerio de Educación > Ceuta > 138 Escuela de Arte | Clausura de la petición - Incidencia Moodle SED
2024-11-12 11:40:35 [100111@PC140-08]
Se ha añadido a la cola un correo para sed@educacion.gob.es: [GLPI #0028913] Ministerio de Educación > Ceuta > 138 Escuela de Arte | Clausura de la petición - Incidencia Moodle SED
2024-11-12 11:40:35 [100111@PC140-08]
Se ha añadido a la cola un correo para cesar.carrero@educacion.gob.es: [GLPI #0028913] Ministerio de Educación > Ceuta > 138 Escuela de Arte | Clausura de la petición - Incidencia Moodle SED
2024-11-12 11:40:35 [100111@PC140-08]
Se ha añadido a la cola un correo para sergio.gonzalezm@ceuta.educacion.gob.es: [GLPI #0028913] Ministerio de Educación > Ceuta > 138 Escuela de Arte | Clausura de la petición - Incidencia Moodle SED
2024-11-12 11:40:35 [100111@PC140-08]
Se ha añadido a la cola un correo para rubenjesus.lazarocarrasco@educeuta.es: [GLPI #0028894] Ministerio de Educación > Ceuta > 139 CIFP Nº 1 | Clausura de la petición - Alta/Baja de Usuarios
2024-11-12 11:40:36 [100111@PC140-08]
Se ha añadido a la cola un correo para carlos.merino@ceuta.educacion.gob.es: [GLPI #0028894] Ministerio de Educación > Ceuta > 139 CIFP Nº 1 | Clausura de la petición - Alta/Baja de Usuarios
2024-11-12 11:40:36 [100111@PC140-08]
Se ha añadido a la cola un correo para rubenjesus.lazarocarrasco@educeuta.es: [GLPI #0028897] Ministerio de Educación > Ceuta > 139 CIFP Nº 1 | Clausura de la petición - Solicitud asistencia/asesoramiento
2024-11-12 11:40:36 [100111@PC140-08]
Se ha añadido a la cola un correo para joseantonio.bernal@ceuta.educacion.gob.es: [GLPI #0028897] Ministerio de Educación > Ceuta > 139 CIFP Nº 1 | Clausura de la petición - Solicitud asistencia/asesoramiento
2024-11-12 11:40:36 [100111@PC140-08]
Se ha añadido a la cola un correo para antonio.vazquez.externo@docenteceuta.educacion.gob.es: [GLPI #0028897] Ministerio de Educación > Ceuta > 139 CIFP Nº 1 | Clausura de la petición - Solicitud asistencia/asesoramiento
2024-11-12 11:40:36 [100111@PC140-08]
Se ha añadido a la cola un correo para carlos.merino@ceuta.educacion.gob.es: [GLPI #0028897] Ministerio de Educación > Ceuta > 139 CIFP Nº 1 | Clausura de la petición - Solicitud asistencia/asesoramiento
2024-11-12 11:40:36 [100111@PC140-08]
Se ha añadido a la cola un correo para cde.cifp@educeuta.es: [GLPI #0028976] Ministerio de Educación > Ceuta > 139 CIFP Nº 1 | Clausura de la petición - Incidencia Moodle SED
2024-11-12 11:40:37 [100111@PC140-08]
Se ha añadido a la cola un correo para anaisabel.lopez@educacion.gob.es: [GLPI #0028976] Ministerio de Educación > Ceuta > 139 CIFP Nº 1 | Clausura de la petición - Incidencia Moodle SED
2024-11-12 11:40:37 [100111@PC140-08]
Se ha añadido a la cola un correo para sed@educacion.gob.es: [GLPI #0028976] Ministerio de Educación > Ceuta > 139 CIFP Nº 1 | Clausura de la petición - Incidencia Moodle SED
2024-11-12 11:40:37 [100111@PC140-08]
Se ha añadido a la cola un correo para cesar.carrero@educacion.gob.es: [GLPI #0028976] Ministerio de Educación > Ceuta > 139 CIFP Nº 1 | Clausura de la petición - Incidencia Moodle SED
2024-11-12 11:40:37 [100111@PC140-08]
Se ha añadido a la cola un correo para sergio.gonzalezm@ceuta.educacion.gob.es: [GLPI #0028976] Ministerio de Educación > Ceuta > 139 CIFP Nº 1 | Clausura de la petición - Incidencia Moodle SED
2024-11-12 11:40:37 [100111@PC140-08]
Se ha añadido a la cola un correo para pedro.molero@educacion.gob.es: [GLPI #0028976] Ministerio de Educación > Ceuta > 139 CIFP Nº 1 | Clausura de la petición - Incidencia Moodle SED
2024-11-12 11:40:37 [100111@PC140-08]
Se ha añadido a la cola un correo para victor.medinap@educacion.gob.es: [GLPI #0027408] Ministerio de Educación | Clausura de la petición - FENICIA > Gestión Económica
2024-11-12 11:40:37 [100111@PC140-08]
Se ha añadido a la cola un correo para manuel.eusebio@educacion.gob.es: [GLPI #0027408] Ministerio de Educación | Clausura de la petición - FENICIA > Gestión Económica
2024-11-12 11:40:37 [100111@PC140-08]
Se ha añadido a la cola un correo para joseismael.rodriguez@educeuta.es: [GLPI #0027408] Ministerio de Educación | Clausura de la petición - FENICIA > Gestión Económica
2024-11-12 11:40:38 [100111@PC140-08]
Se ha añadido a la cola un correo para justo.saez@educacion.gob.es: [GLPI #0027408] Ministerio de Educación | Clausura de la petición - FENICIA > Gestión Económica
2024-11-12 11:40:38 [100111@PC140-08]
Se ha añadido a la cola un correo para victor.guarnido@educacion.gob.es: [GLPI #0027408] Ministerio de Educación | Clausura de la petición - FENICIA > Gestión Económica
2024-11-12 11:40:38 [100111@PC140-08]
Se ha añadido a la cola un correo para cau.fenicia@ayesa.com: [GLPI #0027408] Ministerio de Educación | Clausura de la petición - FENICIA > Gestión Económica
2024-11-12 11:40:38 [100111@PC140-08]
Se ha añadido a la cola un correo para desarrollo.fenicia@ayesa.com: [GLPI #0027408] Ministerio de Educación | Clausura de la petición - FENICIA > Gestión Económica
